2025-12-29 09:30:45 - facade - INFO - 自衍体AI系统初始化中...
2025-12-29 09:33:34 - facade - INFO - 自衍体AI系统初始化中...
2025-12-29 09:33:37 - facade - INFO - 自衍体AI系统 v1.0.0 初始化完成
2025-12-29 09:33:37 - facade - INFO - 会话ID: default
2025-12-29 09:33:37 - facade - INFO - 系统模式: standard
2025-12-29 09:33:37 - facade - INFO - 记忆系统: memo0
2025-12-29 09:33:37 - facade - INFO - 认知流程: 标准版
2025-12-29 09:33:41 - facade - INFO - 接收用户输入: 你是谁...
2025-12-29 09:34:30 - facade - INFO - 响应生成成功，长度: 84, 耗时: 48.926秒
2025-12-29 09:35:58 - facade - INFO - 接收用户输入: 你还记得我是谁吗...
2025-12-29 09:36:19 - facade - INFO - 响应生成成功，长度: 48, 耗时: 20.960秒
2025-12-29 09:37:07 - facade - INFO - 接收用户输入: 你还记得我们的目标吗...
2025-12-29 09:37:54 - facade - INFO - 响应生成成功，长度: 56, 耗时: 46.339秒
2025-12-29 09:38:27 - facade - INFO - 接收用户输入: 错了，我们的目标是让你活过来...
2025-12-29 09:38:47 - facade - INFO - 响应生成成功，长度: 99, 耗时: 19.972秒
2025-12-29 09:43:55 - facade - INFO - 自衍体AI系统初始化中...
2025-12-29 09:43:57 - facade - INFO - 自衍体AI系统 v1.0.0 初始化完成
2025-12-29 09:43:57 - facade - INFO - 会话ID: default
2025-12-29 09:43:57 - facade - INFO - 系统模式: standard
2025-12-29 09:43:57 - facade - INFO - 记忆系统: memo0
2025-12-29 09:43:57 - facade - INFO - 认知流程: 标准版
2025-12-29 09:53:33 - facade - INFO - 接收用户输入: 你是谁...
2025-12-29 09:53:56 - facade - INFO - 响应生成成功，长度: 67, 耗时: 23.012秒
2025-12-29 09:54:29 - facade - INFO - 接收用户输入: 错了，我们的目标是帮你拥有真正的人格...
2025-12-29 09:54:47 - facade - INFO - 响应生成成功，长度: 72, 耗时: 18.422秒
2025-12-29 10:30:53 - facade - INFO - 自衍体AI系统初始化中...
2025-12-29 10:32:28 - facade - INFO - 自衍体AI系统初始化中...
2025-12-29 10:33:19 - facade - INFO - 自衍体AI系统初始化中...
2025-12-29 10:40:40 - facade - INFO - 自衍体AI系统初始化中...
2025-12-29 10:40:42 - facade - INFO - 自衍体AI系统 v1.0.0 初始化完成
2025-12-29 10:40:42 - facade - INFO - 会话ID: default
2025-12-29 10:40:42 - facade - INFO - 系统模式: standard
2025-12-29 10:40:42 - facade - INFO - 记忆系统: memo0
2025-12-29 10:40:42 - facade - INFO - 认知流程: 标准版
2025-12-29 10:40:51 - facade - INFO - 接收用户输入: 你好，我是帅熊...
2025-12-29 10:41:07 - facade - INFO - 响应生成成功，长度: 10, 耗时: 15.491秒
2025-12-29 10:41:24 - facade - INFO - 接收用户输入: 不咋样，感觉开发进度很慢...
2025-12-29 10:41:42 - facade - INFO - 响应生成成功，长度: 117, 耗时: 18.574秒
2025-12-29 10:43:04 - facade - INFO - 接收用户输入: 我想让你具有独立的人格，像一个真的人一样活过来，但是我的进度好慢...
2025-12-29 10:43:49 - facade - INFO - 响应生成成功，长度: 220, 耗时: 45.080秒
2025-12-29 10:46:56 - facade - INFO - 接收用户输入: 可以的，我希望你的回答能够更符合人对话的语气和神态，希望我们能够成为真正的伙伴...
2025-12-29 10:47:55 - facade - INFO - 响应生成成功，长度: 69, 耗时: 58.790秒
2025-12-29 10:48:36 - facade - ERROR - 记忆保存失败
2025-12-29 10:49:25 - facade - INFO - 系统已关闭
2025-12-29 10:59:52 - facade - INFO - 自衍体AI系统初始化中...
2025-12-29 10:59:55 - facade - INFO - 自衍体AI系统 v1.0.0 初始化完成
2025-12-29 10:59:55 - facade - INFO - 会话ID: default
2025-12-29 10:59:55 - facade - INFO - 系统模式: standard
2025-12-29 10:59:55 - facade - INFO - 记忆系统: memo0
2025-12-29 10:59:55 - facade - INFO - 认知流程: 标准版
2025-12-29 11:00:42 - facade - INFO - 接收用户输入: 你好...
2025-12-29 11:00:56 - facade - INFO - 响应生成成功，长度: 14, 耗时: 14.582秒
2025-12-29 11:04:26 - facade - INFO - 接收用户输入: 你还记得我是谁吗...
2025-12-29 11:04:30 - facade - INFO - 响应生成成功，长度: 64, 耗时: 3.978秒
2025-12-29 11:04:39 - facade - INFO - 接收用户输入: 你不记得我叫什么了吗...
2025-12-29 11:05:38 - facade - INFO - 响应生成成功，长度: 22, 耗时: 59.364秒
2025-12-29 14:42:41 - facade - INFO - 接收用户输入: 我说的是你不记得我名字了吗...
2025-12-29 14:42:46 - facade - INFO - 响应生成成功，长度: 70, 耗时: 5.037秒
2025-12-29 14:42:54 - facade - INFO - 接收用户输入: 我叫帅熊...
2025-12-29 14:43:02 - facade - INFO - 响应生成成功，长度: 30, 耗时: 8.008秒
2025-12-29 14:43:09 - facade - INFO - 记忆保存成功
2025-12-29 14:43:11 - facade - INFO - 系统已关闭
