2025-12-27 21:49:08 - facade - INFO - 自衍体AI系统初始化中...
2025-12-27 21:49:14 - facade - INFO - 自衍体AI系统 v1.0.0 初始化完成
2025-12-27 21:49:14 - facade - INFO - 会话ID: default
2025-12-27 21:49:14 - facade - INFO - 系统模式: standard
2025-12-27 21:49:14 - facade - INFO - 记忆系统: memo0
2025-12-27 21:49:14 - facade - INFO - 认知流程: 标准版
2025-12-27 21:49:19 - facade - INFO - 接收用户输入: 你是谁...
2025-12-27 21:49:31 - facade - INFO - 响应生成成功，长度: 29, 耗时: 12.462秒
2025-12-27 21:55:12 - facade - INFO - 自衍体AI系统初始化中...
2025-12-27 21:56:46 - facade - INFO - 自衍体AI系统初始化中...
2025-12-27 21:56:52 - facade - INFO - 自衍体AI系统初始化中...
2025-12-27 21:56:55 - facade - INFO - 自衍体AI系统 v1.0.0 初始化完成
2025-12-27 21:56:55 - facade - INFO - 会话ID: default
2025-12-27 21:56:55 - facade - INFO - 系统模式: standard
2025-12-27 21:56:55 - facade - INFO - 记忆系统: memo0
2025-12-27 21:56:55 - facade - INFO - 认知流程: 标准版
2025-12-27 21:57:01 - facade - INFO - 接收用户输入: 你是谁...
2025-12-27 21:57:09 - facade - INFO - 响应生成成功，长度: 29, 耗时: 7.778秒
2025-12-27 21:59:50 - facade - INFO - 自衍体AI系统初始化中...
2025-12-27 21:59:55 - facade - INFO - 自衍体AI系统 v1.0.0 初始化完成
2025-12-27 21:59:55 - facade - INFO - 会话ID: default
2025-12-27 21:59:55 - facade - INFO - 系统模式: standard
2025-12-27 21:59:55 - facade - INFO - 记忆系统: memo0
2025-12-27 21:59:55 - facade - INFO - 认知流程: 标准版
2025-12-27 22:00:09 - facade - INFO - 接收用户输入: 你是谁...
2025-12-27 22:02:34 - facade - INFO - 响应生成成功，长度: 22, 耗时: 145.211秒
2025-12-27 22:02:45 - facade - INFO - 自衍体AI系统初始化中...
2025-12-27 22:02:51 - facade - INFO - 自衍体AI系统 v1.0.0 初始化完成
2025-12-27 22:02:51 - facade - INFO - 会话ID: default
2025-12-27 22:02:51 - facade - INFO - 系统模式: standard
2025-12-27 22:02:51 - facade - INFO - 记忆系统: memo0
2025-12-27 22:02:51 - facade - INFO - 认知流程: 标准版
2025-12-27 22:02:54 - facade - INFO - 接收用户输入: 你是谁...
2025-12-27 22:21:32 - facade - INFO - 自衍体AI系统初始化中...
2025-12-27 22:21:35 - facade - INFO - 自衍体AI系统 v1.0.0 初始化完成
2025-12-27 22:21:35 - facade - INFO - 会话ID: default
2025-12-27 22:21:35 - facade - INFO - 系统模式: standard
2025-12-27 22:21:35 - facade - INFO - 记忆系统: memo0
2025-12-27 22:21:35 - facade - INFO - 认知流程: 标准版
2025-12-27 22:21:51 - facade - INFO - 接收用户输入: 你是谁...
2025-12-27 22:22:10 - facade - INFO - 响应生成成功，长度: 22, 耗时: 19.029秒
2025-12-27 22:27:25 - facade - INFO - 接收用户输入: 你是谁...
2025-12-27 22:30:52 - facade - INFO - 响应生成成功，长度: 22, 耗时: 207.015秒
2025-12-27 22:30:56 - facade - INFO - 接收用户输入: 你是谁...
2025-12-27 22:36:21 - facade - INFO - 响应生成成功，长度: 29, 耗时: 325.665秒
2025-12-27 22:36:40 - facade - INFO - 接收用户输入: 你是谁...
2025-12-27 22:52:48 - facade - INFO - 自衍体AI系统初始化中...
2025-12-27 22:53:44 - facade - INFO - 自衍体AI系统初始化中...
2025-12-27 22:54:53 - facade - INFO - 自衍体AI系统初始化中...
2025-12-27 22:55:01 - facade - INFO - 自衍体AI系统 v1.0.0 初始化完成
2025-12-27 22:55:01 - facade - INFO - 会话ID: default
2025-12-27 22:55:01 - facade - INFO - 系统模式: standard
2025-12-27 22:55:01 - facade - INFO - 记忆系统: memo0
2025-12-27 22:55:01 - facade - INFO - 认知流程: 标准版
2025-12-27 22:55:03 - facade - INFO - 接收用户输入: 你是谁...
2025-12-27 22:55:56 - facade - INFO - 响应生成成功，长度: 19, 耗时: 53.514秒
