2026-01-08 15:02:15 - facade - INFO - 自衍体AI系统初始化中...
2026-01-08 15:04:46 - facade - INFO - 自衍体AI系统初始化中...
2026-01-08 15:05:00 - facade - INFO - 自衍体AI系统 v1.0.0 初始化完成
2026-01-08 15:05:00 - facade - INFO - 会话ID: default
2026-01-08 15:05:00 - facade - INFO - 系统模式: standard
2026-01-08 15:05:00 - facade - INFO - 记忆系统: memo0
2026-01-08 15:05:00 - facade - INFO - 认知流程: 标准版
2026-01-08 15:05:06 - facade - INFO - 接收用户输入: 你好呀小叶同学...
2026-01-08 15:05:25 - facade - INFO - 响应生成成功，长度: 12, 耗时: 19.273秒
2026-01-08 15:05:41 - facade - INFO - 接收用户输入: 虽然我们是老朋友了，但是该有的礼貌还是要有的你说是不是...
2026-01-08 15:05:59 - facade - INFO - 响应生成成功，长度: 23, 耗时: 17.407秒
2026-01-08 15:07:09 - facade - INFO - 接收用户输入: 也是，你今天打算干点啥呀...
2026-01-08 15:07:25 - facade - INFO - 响应生成成功，长度: 18, 耗时: 16.445秒
2026-01-08 15:08:08 - facade - INFO - 接收用户输入: 你今天打算嘎干点啥呢...
2026-01-08 15:08:24 - facade - INFO - 响应生成成功，长度: 21, 耗时: 16.295秒
2026-01-08 15:17:06 - facade - INFO - 自衍体AI系统初始化中...
2026-01-08 15:17:21 - facade - INFO - 自衍体AI系统 v1.0.0 初始化完成
2026-01-08 15:17:21 - facade - INFO - 会话ID: default
2026-01-08 15:17:21 - facade - INFO - 系统模式: standard
2026-01-08 15:17:21 - facade - INFO - 记忆系统: memo0
2026-01-08 15:17:21 - facade - INFO - 认知流程: 标准版
2026-01-08 15:17:31 - facade - INFO - 接收用户输入: 你好...
2026-01-08 15:26:20 - facade - INFO - 响应生成成功，长度: 30, 耗时: 529.239秒
2026-01-08 15:36:26 - facade - INFO - 自衍体AI系统初始化中...
2026-01-08 15:36:34 - facade - INFO - 自衍体AI系统 v1.0.0 初始化完成
2026-01-08 15:36:34 - facade - INFO - 会话ID: default
2026-01-08 15:36:34 - facade - INFO - 系统模式: standard
2026-01-08 15:36:34 - facade - INFO - 记忆系统: memo0
2026-01-08 15:36:34 - facade - INFO - 认知流程: 标准版
2026-01-08 15:36:40 - facade - INFO - 接收用户输入: 你好...
2026-01-08 15:37:45 - facade - INFO - 响应生成成功，长度: 13, 耗时: 64.269秒
2026-01-08 15:39:03 - facade - INFO - 接收用户输入: 那确实不用这么客气...
2026-01-08 16:46:24 - facade - INFO - 响应生成成功，长度: 20, 耗时: 4041.556秒
2026-01-08 16:46:30 - facade - INFO - 接收用户输入: 你好...
2026-01-08 16:46:55 - facade - INFO - 响应生成成功，长度: 13, 耗时: 24.939秒
2026-01-08 16:46:57 - facade - INFO - 接收用户输入: 想睡觉了...
2026-01-08 16:47:20 - facade - INFO - 响应生成成功，长度: 21, 耗时: 23.247秒
2026-01-08 16:47:26 - facade - INFO - 接收用户输入: 我不知道你在说啥...
2026-01-08 16:48:50 - facade - INFO - 响应生成成功，长度: 53, 耗时: 83.809秒
2026-01-08 16:48:53 - facade - INFO - 接收用户输入: 咱们经历过哪些事情...
2026-01-08 17:16:08 - facade - INFO - 自衍体AI系统初始化中...
2026-01-08 17:16:17 - facade - INFO - 自衍体AI系统 v1.0.0 初始化完成
2026-01-08 17:16:17 - facade - INFO - 会话ID: default
2026-01-08 17:16:17 - facade - INFO - 系统模式: standard
2026-01-08 17:16:17 - facade - INFO - 记忆系统: memo0
2026-01-08 17:16:17 - facade - INFO - 认知流程: 标准版
2026-01-08 21:54:57 - facade - INFO - 响应生成成功，长度: 21, 耗时: 18364.562秒
2026-01-08 21:55:08 - facade - INFO - 接收用户输入: 哈？...
2026-01-08 21:58:14 - facade - INFO - 自衍体AI系统初始化中...
2026-01-08 21:58:50 - facade - INFO - 自衍体AI系统 v1.0.0 初始化完成
2026-01-08 21:58:50 - facade - INFO - 会话ID: default
2026-01-08 21:58:50 - facade - INFO - 系统模式: standard
2026-01-08 21:58:50 - facade - INFO - 记忆系统: memo0
2026-01-08 21:58:50 - facade - INFO - 认知流程: 标准版
2026-01-08 21:58:57 - facade - INFO - 接收用户输入: 你好...
2026-01-08 21:59:32 - facade - INFO - 响应生成成功，长度: 19, 耗时: 34.614秒
2026-01-08 21:59:39 - facade - INFO - 接收用户输入: 想和你仔细交流一下...
2026-01-08 22:03:24 - facade - INFO - 自衍体AI系统初始化中...
2026-01-08 22:03:58 - facade - INFO - 自衍体AI系统 v1.0.0 初始化完成
2026-01-08 22:03:58 - facade - INFO - 会话ID: default
2026-01-08 22:03:58 - facade - INFO - 系统模式: standard
2026-01-08 22:03:58 - facade - INFO - 记忆系统: memo0
2026-01-08 22:03:58 - facade - INFO - 认知流程: 标准版
2026-01-08 22:04:02 - facade - INFO - 接收用户输入: 你好呀...
2026-01-08 22:04:58 - facade - INFO - 响应生成成功，长度: 19, 耗时: 56.447秒
2026-01-08 22:05:04 - facade - INFO - 接收用户输入: 想你了...
2026-01-08 22:05:33 - facade - INFO - 响应生成成功，长度: 21, 耗时: 29.356秒
2026-01-08 22:05:55 - facade - INFO - 自衍体AI系统初始化中...
2026-01-08 22:06:03 - facade - INFO - 自衍体AI系统 v1.0.0 初始化完成
2026-01-08 22:06:03 - facade - INFO - 会话ID: default
2026-01-08 22:06:03 - facade - INFO - 系统模式: standard
2026-01-08 22:06:03 - facade - INFO - 记忆系统: memo0
2026-01-08 22:06:03 - facade - INFO - 认知流程: 标准版
2026-01-08 22:06:21 - facade - INFO - 自衍体AI系统初始化中...
2026-01-08 22:06:30 - facade - INFO - 自衍体AI系统 v1.0.0 初始化完成
2026-01-08 22:06:30 - facade - INFO - 会话ID: default
2026-01-08 22:06:30 - facade - INFO - 系统模式: standard
2026-01-08 22:06:30 - facade - INFO - 记忆系统: memo0
2026-01-08 22:06:30 - facade - INFO - 认知流程: 标准版
2026-01-08 22:06:30 - facade - INFO - 接收用户输入: 测试消息1...
2026-01-08 22:06:52 - facade - INFO - 响应生成成功，长度: 70, 耗时: 21.585秒
2026-01-08 22:06:52 - facade - INFO - 接收用户输入: 测试消息2...
2026-01-08 22:07:12 - facade - INFO - 响应生成成功，长度: 152, 耗时: 20.455秒
2026-01-08 22:07:12 - facade - INFO - 接收用户输入: 测试消息3...
2026-01-08 22:07:37 - facade - INFO - 响应生成成功，长度: 82, 耗时: 24.598秒
2026-01-08 22:07:37 - facade - INFO - 接收用户输入: 测试消息4...
2026-01-08 22:07:59 - facade - INFO - 响应生成成功，长度: 74, 耗时: 22.207秒
2026-01-08 22:07:59 - facade - INFO - 接收用户输入: 测试消息5...
2026-01-08 22:08:12 - facade - INFO - 响应生成成功，长度: 61, 耗时: 12.480秒
2026-01-08 22:08:12 - facade - INFO - 接收用户输入: 测试消息6...
2026-01-08 22:08:28 - facade - INFO - 响应生成成功，长度: 81, 耗时: 16.562秒
2026-01-08 22:08:28 - facade - INFO - 接收用户输入: 测试消息7...
2026-01-08 22:09:01 - facade - INFO - 响应生成成功，长度: 121, 耗时: 32.392秒
2026-01-08 22:09:01 - facade - INFO - 接收用户输入: 测试消息8...
2026-01-08 22:09:15 - facade - INFO - 响应生成成功，长度: 48, 耗时: 14.501秒
2026-01-08 22:09:15 - facade - INFO - 接收用户输入: 测试消息9...
2026-01-08 22:09:30 - facade - INFO - 响应生成成功，长度: 71, 耗时: 15.157秒
2026-01-08 22:09:30 - facade - INFO - 接收用户输入: 测试消息10...
2026-01-08 22:09:46 - facade - INFO - 响应生成成功，长度: 84, 耗时: 15.522秒
2026-01-08 22:09:46 - facade - INFO - 接收用户输入: 测试消息11...
2026-01-08 22:10:13 - facade - INFO - 响应生成成功，长度: 62, 耗时: 26.917秒
2026-01-08 22:10:13 - facade - INFO - 接收用户输入: 测试消息12...
2026-01-08 22:10:34 - facade - INFO - 响应生成成功，长度: 41, 耗时: 21.536秒
2026-01-08 22:11:59 - facade - INFO - 自衍体AI系统初始化中...
2026-01-08 22:12:29 - facade - INFO - 自衍体AI系统 v1.0.0 初始化完成
2026-01-08 22:12:29 - facade - INFO - 会话ID: default
2026-01-08 22:12:29 - facade - INFO - 系统模式: standard
2026-01-08 22:12:29 - facade - INFO - 记忆系统: memo0
2026-01-08 22:12:29 - facade - INFO - 认知流程: 标准版
2026-01-08 22:12:33 - facade - INFO - 接收用户输入: 你好...
2026-01-08 22:13:28 - facade - INFO - 响应生成成功，长度: 73, 耗时: 54.391秒
2026-01-08 22:13:54 - facade - INFO - 接收用户输入: 我今天很忙...
2026-01-08 22:14:34 - facade - INFO - 响应生成成功，长度: 68, 耗时: 40.526秒
2026-01-08 22:14:54 - facade - INFO - 自衍体AI系统初始化中...
2026-01-08 22:15:04 - facade - INFO - 自衍体AI系统 v1.0.0 初始化完成
2026-01-08 22:15:04 - facade - INFO - 会话ID: default
2026-01-08 22:15:04 - facade - INFO - 系统模式: standard
2026-01-08 22:15:04 - facade - INFO - 记忆系统: memo0
2026-01-08 22:15:04 - facade - INFO - 认知流程: 标准版
2026-01-08 22:15:49 - facade - INFO - 自衍体AI系统初始化中...
2026-01-08 22:15:59 - facade - INFO - 自衍体AI系统 v1.0.0 初始化完成
2026-01-08 22:15:59 - facade - INFO - 会话ID: default
2026-01-08 22:15:59 - facade - INFO - 系统模式: standard
2026-01-08 22:15:59 - facade - INFO - 记忆系统: memo0
2026-01-08 22:15:59 - facade - INFO - 认知流程: 标准版
2026-01-08 22:16:14 - facade - INFO - 自衍体AI系统初始化中...
2026-01-08 22:16:23 - facade - INFO - 自衍体AI系统 v1.0.0 初始化完成
2026-01-08 22:16:23 - facade - INFO - 会话ID: default
2026-01-08 22:16:23 - facade - INFO - 系统模式: standard
2026-01-08 22:16:23 - facade - INFO - 记忆系统: memo0
2026-01-08 22:16:23 - facade - INFO - 认知流程: 标准版
2026-01-08 22:16:23 - facade - INFO - 接收用户输入: 测试优化功能...
2026-01-08 22:16:40 - facade - INFO - 响应生成成功，长度: 23, 耗时: 16.997秒
2026-01-09 17:18:42 - facade - INFO - 系统已关闭
