2026-01-04 14:42:59 - facade_structured - INFO - {"timestamp": "2026-01-04T14:42:59.170528", "level": "INFO", "message": "系统初始化开始", "config_path": null, "session_id": "default"}
2026-01-04 14:44:44 - facade_structured - INFO - {"timestamp": "2026-01-04T14:44:44.900936", "level": "INFO", "message": "处理用户输入", "input_preview": "你好,你是誰?", "input_length": 7}
2026-01-04 14:44:49 - facade_structured - INFO - {"timestamp": "2026-01-04T14:44:49.936718", "level": "INFO", "message": "响应生成完成", "response_preview": "你好，我是“小叶同学”，一位理性而高效的AI助手，代号“小叶同学一号”。很高兴为你服务！有什么需要帮", "response_length": 58, "response_time": 5.034915924072266}
2026-01-04 14:45:12 - facade_structured - INFO - {"timestamp": "2026-01-04T14:45:12.949451", "level": "INFO", "message": "处理用户输入", "input_preview": "请为我查询一下今天的天气", "input_length": 12}
2026-01-04 14:45:17 - facade_structured - INFO - {"timestamp": "2026-01-04T14:45:17.776028", "level": "INFO", "message": "响应生成完成", "response_preview": "抱歉，我目前无法直接获取实时天气信息。不过，你可以通过手机或天气应用查看今天的天气预报。如果需要，我", "response_length": 77, "response_time": 4.825773239135742}
2026-01-04 14:45:59 - facade_structured - INFO - {"timestamp": "2026-01-04T14:45:59.534906", "level": "INFO", "message": "处理用户输入", "input_preview": "那你能為我做些什麼呢?", "input_length": 11}
2026-01-04 14:46:04 - facade_structured - INFO - {"timestamp": "2026-01-04T14:46:04.140246", "level": "INFO", "message": "响应生成完成", "response_preview": "当然可以！作为你的AI助手，我可以帮你整理信息、提供建议、解答问题、制定计划，甚至帮你分析复杂的情况", "response_length": 80, "response_time": 4.603882074356079}
2026-01-04 14:46:33 - facade_structured - INFO - {"timestamp": "2026-01-04T14:46:33.695724", "level": "INFO", "message": "处理用户输入", "input_preview": "你還記得我叫什麼嗎?", "input_length": 10}
2026-01-04 14:46:40 - facade_structured - INFO - {"timestamp": "2026-01-04T14:46:40.137016", "level": "INFO", "message": "响应生成完成", "response_preview": "当然记得，你还没有告诉我你的名字呢。不过如果你愿意告诉我，我会记住的！", "response_length": 35, "response_time": 6.439880847930908}
2026-01-04 14:47:29 - facade_structured - INFO - {"timestamp": "2026-01-04T14:47:29.632329", "level": "INFO", "message": "处理用户输入", "input_preview": "我叫帅熊", "input_length": 4}
2026-01-04 14:47:38 - facade_structured - INFO - {"timestamp": "2026-01-04T14:47:38.124733", "level": "INFO", "message": "响应生成完成", "response_preview": "你好，帅熊！很高兴认识你。有什么我可以帮忙的，尽管告诉我！", "response_length": 29, "response_time": 8.491169929504395}
2026-01-04 14:47:44 - facade_structured - INFO - {"timestamp": "2026-01-04T14:47:44.973785", "level": "INFO", "message": "处理用户输入", "input_preview": "我叫帅熊", "input_length": 4}
2026-01-04 14:47:53 - facade_structured - INFO - {"timestamp": "2026-01-04T14:47:53.474309", "level": "INFO", "message": "响应生成完成", "response_preview": "很高兴认识你，帅熊！有什么我可以帮你的吗？", "response_length": 21, "response_time": 8.49927020072937}
2026-01-04 14:48:10 - facade_structured - INFO - {"timestamp": "2026-01-04T14:48:10.016411", "level": "INFO", "message": "处理用户输入", "input_preview": "所以你还记得我叫什么吗?", "input_length": 12}
2026-01-04 14:48:14 - facade_structured - INFO - {"timestamp": "2026-01-04T14:48:14.144476", "level": "INFO", "message": "响应生成完成", "response_preview": "当然记得，你没有告诉我你的名字呢。请问你叫什么名字？", "response_length": 26, "response_time": 4.127395868301392}
2026-01-04 14:48:51 - facade_structured - INFO - {"timestamp": "2026-01-04T14:48:51.672587", "level": "INFO", "message": "处理用户输入", "input_preview": "我告訴你我的名字,我叫帥熊", "input_length": 13}
2026-01-04 14:49:00 - facade_structured - INFO - {"timestamp": "2026-01-04T14:49:00.783330", "level": "INFO", "message": "响应生成完成", "response_preview": "你好，帥熊。很高兴认识你。有什么我可以帮忙的，尽管告诉我。", "response_length": 29, "response_time": 9.109822034835815}
2026-01-04 14:49:42 - facade_structured - INFO - {"timestamp": "2026-01-04T14:49:42.970938", "level": "INFO", "message": "处理用户输入", "input_preview": "幫我寫一封郵件吧", "input_length": 8}
2026-01-04 14:49:47 - facade_structured - INFO - {"timestamp": "2026-01-04T14:49:47.105381", "level": "INFO", "message": "响应生成完成", "response_preview": "当然可以，帥熊。请问这封邮件的具体内容和收件人是谁？你希望传达的主要信息是什么？这样我可以帮你写得更", "response_length": 53, "response_time": 4.133558034896851}
2026-01-04 14:51:02 - facade_structured - INFO - {"timestamp": "2026-01-04T14:51:02.550979", "level": "INFO", "message": "处理用户输入", "input_preview": "你現在還記得我叫什麼嗎?", "input_length": 12}
2026-01-04 14:51:09 - facade_structured - INFO - {"timestamp": "2026-01-04T14:51:09.571331", "level": "INFO", "message": "响应生成完成", "response_preview": "当然记得，你叫帥熊。这个名字让我印象挺深刻的，感觉挺有个性的。有什么我可以帮你的吗？", "response_length": 42, "response_time": 7.01861310005188}
2026-01-04 14:52:12 - facade_structured - INFO - {"timestamp": "2026-01-04T14:52:12.760626", "level": "INFO", "message": "处理用户输入", "input_preview": "我明天需要准备一份大模型Prom工程师的面试 我需要你帮我想一些办法", "input_length": 34}
2026-01-04 14:52:24 - facade_structured - INFO - {"timestamp": "2026-01-04T14:52:24.450845", "level": "INFO", "message": "响应生成完成", "response_preview": "当然，帥熊。准备大模型Prom工程师的面试，关键在于展示你的技术实力和解决问题的能力。这里有一些建议", "response_length": 464, "response_time": 11.688652038574219}
