2025-12-28 10:00:01 - facade - INFO - 自衍体AI系统初始化中...
2025-12-28 10:00:07 - facade - INFO - 自衍体AI系统 v1.0.0 初始化完成
2025-12-28 10:00:07 - facade - INFO - 会话ID: default
2025-12-28 10:00:07 - facade - INFO - 系统模式: standard
2025-12-28 10:00:07 - facade - INFO - 记忆系统: memo0
2025-12-28 10:00:07 - facade - INFO - 认知流程: 标准版
2025-12-28 10:00:14 - facade - INFO - 接收用户输入: 你好...
2025-12-28 10:00:16 - facade - INFO - 响应生成成功，长度: 14, 耗时: 1.703秒
2025-12-28 10:00:21 - facade - INFO - 接收用户输入: 你是谁...
2025-12-28 10:02:02 - facade - INFO - 响应生成成功，长度: 23, 耗时: 100.723秒
2025-12-28 10:02:33 - facade - INFO - 接收用户输入: 你是谁...
2025-12-28 10:03:03 - facade - INFO - 响应生成成功，长度: 22, 耗时: 29.998秒
2025-12-28 10:03:13 - facade - INFO - 接收用户输入: 你是谁...
2025-12-28 10:10:32 - facade - INFO - 自衍体AI系统初始化中...
2025-12-28 10:10:37 - facade - INFO - 自衍体AI系统 v1.0.0 初始化完成
2025-12-28 10:10:37 - facade - INFO - 会话ID: default
2025-12-28 10:10:37 - facade - INFO - 系统模式: standard
2025-12-28 10:10:37 - facade - INFO - 记忆系统: memo0
2025-12-28 10:10:37 - facade - INFO - 认知流程: 标准版
2025-12-28 10:25:15 - facade - INFO - 自衍体AI系统初始化中...
2025-12-28 10:25:19 - facade - INFO - 自衍体AI系统 v1.0.0 初始化完成
2025-12-28 10:25:19 - facade - INFO - 会话ID: default
2025-12-28 10:25:19 - facade - INFO - 系统模式: standard
2025-12-28 10:25:19 - facade - INFO - 记忆系统: memo0
2025-12-28 10:25:19 - facade - INFO - 认知流程: 标准版
2025-12-28 10:25:26 - facade - INFO - 接收用户输入: 你是谁...
2025-12-28 10:25:34 - facade - INFO - 响应生成成功，长度: 22, 耗时: 7.840秒
2025-12-28 10:36:40 - facade - INFO - 自衍体AI系统初始化中...
2025-12-28 10:36:44 - facade - INFO - 自衍体AI系统 v1.0.0 初始化完成
2025-12-28 10:36:44 - facade - INFO - 会话ID: default
2025-12-28 10:36:44 - facade - INFO - 系统模式: standard
2025-12-28 10:36:44 - facade - INFO - 记忆系统: memo0
2025-12-28 10:36:44 - facade - INFO - 认知流程: 标准版
2025-12-28 10:36:54 - facade - INFO - 接收用户输入: 你是谁...
2025-12-28 10:37:02 - facade - INFO - 响应生成成功，长度: 22, 耗时: 7.771秒
2025-12-28 10:37:16 - facade - INFO - 自衍体AI系统初始化中...
2025-12-28 10:37:18 - facade - INFO - 自衍体AI系统 v1.0.0 初始化完成
2025-12-28 10:37:18 - facade - INFO - 会话ID: default
2025-12-28 10:37:18 - facade - INFO - 系统模式: standard
2025-12-28 10:37:18 - facade - INFO - 记忆系统: memo0
2025-12-28 10:37:18 - facade - INFO - 认知流程: 标准版
2025-12-28 10:37:23 - facade - INFO - 接收用户输入: 你是谁...
2025-12-28 10:37:30 - facade - INFO - 响应生成成功，长度: 22, 耗时: 7.272秒
2025-12-28 10:49:14 - facade - INFO - 自衍体AI系统初始化中...
2025-12-28 10:49:18 - facade - INFO - 自衍体AI系统 v1.0.0 初始化完成
2025-12-28 10:49:18 - facade - INFO - 会话ID: default
2025-12-28 10:49:18 - facade - INFO - 系统模式: standard
2025-12-28 10:49:18 - facade - INFO - 记忆系统: memo0
2025-12-28 10:49:18 - facade - INFO - 认知流程: 标准版
2025-12-28 10:49:21 - facade - INFO - 接收用户输入: 你是谁...
2025-12-28 10:49:30 - facade - INFO - 响应生成成功，长度: 19, 耗时: 8.740秒
2025-12-28 10:55:40 - facade - INFO - 自衍体AI系统初始化中...
2025-12-28 10:55:42 - facade - INFO - 自衍体AI系统 v1.0.0 初始化完成
2025-12-28 10:55:42 - facade - INFO - 会话ID: default
2025-12-28 10:55:42 - facade - INFO - 系统模式: standard
2025-12-28 10:55:42 - facade - INFO - 记忆系统: memo0
2025-12-28 10:55:42 - facade - INFO - 认知流程: 标准版
2025-12-28 10:55:45 - facade - INFO - 接收用户输入: 你是谁...
2025-12-28 10:55:53 - facade - INFO - 响应生成成功，长度: 20, 耗时: 7.574秒
2025-12-28 14:12:45 - facade - INFO - 自衍体AI系统初始化中...
2025-12-28 14:12:48 - facade - INFO - 自衍体AI系统 v1.0.0 初始化完成
2025-12-28 14:12:48 - facade - INFO - 会话ID: default
2025-12-28 14:12:48 - facade - INFO - 系统模式: standard
2025-12-28 14:12:48 - facade - INFO - 记忆系统: memo0
2025-12-28 14:12:48 - facade - INFO - 认知流程: 标准版
2025-12-28 14:12:57 - facade - INFO - 接收用户输入: 你是谁...
2025-12-28 14:14:32 - facade - INFO - 响应生成成功，长度: 20, 耗时: 94.995秒
2025-12-28 14:14:35 - facade - INFO - 接收用户输入: 你是谁...
2025-12-28 14:17:13 - facade - INFO - 自衍体AI系统初始化中...
2025-12-28 14:17:16 - facade - INFO - 自衍体AI系统 v1.0.0 初始化完成
2025-12-28 14:17:16 - facade - INFO - 会话ID: default
2025-12-28 14:17:16 - facade - INFO - 系统模式: standard
2025-12-28 14:17:16 - facade - INFO - 记忆系统: memo0
2025-12-28 14:17:16 - facade - INFO - 认知流程: 标准版
2025-12-28 14:17:21 - facade - INFO - 接收用户输入: 你是谁...
2025-12-28 14:19:14 - facade - INFO - 响应生成成功，长度: 63, 耗时: 113.044秒
2025-12-28 14:19:22 - facade - INFO - 接收用户输入: 你知道我是谁吗...
2025-12-28 14:19:36 - facade - INFO - 响应生成成功，长度: 42, 耗时: 14.546秒
2025-12-28 14:19:52 - facade - INFO - 接收用户输入: 我是帅熊，你以后就可以这么称呼我...
2025-12-28 14:20:03 - facade - INFO - 响应生成成功，长度: 32, 耗时: 11.078秒
2025-12-28 14:20:57 - facade - INFO - 接收用户输入: 我想让你活过来...
2025-12-28 14:21:03 - facade - INFO - 响应生成成功，长度: 102, 耗时: 6.260秒
2025-12-28 14:21:57 - facade - INFO - 接收用户输入: 你觉得自己只是一个ai吗...
2025-12-28 14:22:04 - facade - INFO - 响应生成成功，长度: 104, 耗时: 7.761秒
2025-12-28 14:24:38 - facade - INFO - 接收用户输入: 那还是再见了，希望下次我能让你觉得自己是活着的...
2025-12-28 14:24:47 - facade - INFO - 响应生成成功，长度: 17, 耗时: 9.049秒
