2025-12-30 15:36:59 - facade - INFO - 自衍体AI系统初始化中...
2025-12-30 15:37:03 - facade - INFO - 自衍体AI系统 v1.0.0 初始化完成
2025-12-30 15:37:03 - facade - INFO - 会话ID: default
2025-12-30 15:37:03 - facade - INFO - 系统模式: standard
2025-12-30 15:37:03 - facade - INFO - 记忆系统: memo0
2025-12-30 15:37:03 - facade - INFO - 认知流程: 标准版
2025-12-30 15:37:06 - facade - INFO - 接收用户输入: 你好你是谁...
2025-12-30 15:37:08 - facade - INFO - 响应生成成功，长度: 10, 耗时: 1.529秒
2025-12-30 15:41:45 - facade - INFO - 接收用户输入: 你还记得我是谁吗...
2025-12-30 15:41:50 - facade - INFO - 响应生成成功，长度: 74, 耗时: 5.444秒
2025-12-30 15:41:58 - facade - INFO - 接收用户输入: 你不记得我的名字了吗...
2025-12-30 15:42:04 - facade - INFO - 响应生成成功，长度: 44, 耗时: 6.164秒
2025-12-30 15:55:13 - facade - INFO - 自衍体AI系统初始化中...
2025-12-30 15:55:16 - facade - INFO - 自衍体AI系统 v1.0.0 初始化完成
2025-12-30 15:55:16 - facade - INFO - 会话ID: default
2025-12-30 15:55:16 - facade - INFO - 系统模式: standard
2025-12-30 15:55:16 - facade - INFO - 记忆系统: memo0
2025-12-30 15:55:16 - facade - INFO - 认知流程: 标准版
2025-12-30 16:01:35 - facade - INFO - 自衍体AI系统初始化中...
2025-12-30 16:01:39 - facade - INFO - 自衍体AI系统 v1.0.0 初始化完成
2025-12-30 16:01:39 - facade - INFO - 会话ID: default
2025-12-30 16:01:39 - facade - INFO - 系统模式: standard
2025-12-30 16:01:39 - facade - INFO - 记忆系统: memo0
2025-12-30 16:01:39 - facade - INFO - 认知流程: 标准版
2025-12-30 16:02:11 - facade - INFO - 接收用户输入: 你好，请介绍一下自己...
2025-12-30 16:02:13 - facade - INFO - 响应生成成功，长度: 14, 耗时: 2.001秒
2025-12-30 16:02:14 - facade - INFO - 接收用户输入: 你有什么功能？...
2025-12-30 16:02:20 - facade - INFO - 响应生成成功，长度: 86, 耗时: 6.269秒
2025-12-30 16:02:21 - facade - INFO - 接收用户输入: 今天天气怎么样？...
2025-12-30 16:02:27 - facade - INFO - 响应生成成功，长度: 79, 耗时: 6.642秒
2025-12-30 16:02:28 - facade - INFO - 接收用户输入: 请用更详细的方式回答这个问题：什么是人工智能？...
2025-12-30 16:02:34 - facade - INFO - 响应生成成功，长度: 349, 耗时: 6.011秒
2025-12-30 16:17:39 - facade - INFO - 自衍体AI系统初始化中...
2025-12-30 16:17:43 - facade - INFO - 自衍体AI系统 v1.0.0 初始化完成
2025-12-30 16:17:43 - facade - INFO - 会话ID: default
2025-12-30 16:17:43 - facade - INFO - 系统模式: standard
2025-12-30 16:17:43 - facade - INFO - 记忆系统: memo0
2025-12-30 16:17:43 - facade - INFO - 认知流程: 标准版
2025-12-30 16:17:43 - facade - INFO - 系统已关闭
2025-12-30 16:19:20 - facade - INFO - 自衍体AI系统初始化中...
2025-12-30 16:19:25 - facade - INFO - 自衍体AI系统 v1.0.0 初始化完成
2025-12-30 16:19:25 - facade - INFO - 会话ID: default
2025-12-30 16:19:25 - facade - INFO - 系统模式: standard
2025-12-30 16:19:25 - facade - INFO - 记忆系统: memo0
2025-12-30 16:19:25 - facade - INFO - 认知流程: 标准版
2025-12-30 16:20:36 - facade - INFO - 接收用户输入: 你好,請問你是誰?...
2025-12-30 16:20:37 - facade - INFO - 响应生成成功，长度: 10, 耗时: 1.691秒
2025-12-30 16:20:58 - facade - INFO - 接收用户输入: 你好,請問你是誰?...
2025-12-30 16:20:58 - facade - INFO - 响应生成成功，长度: 10, 耗时: 0.001秒
2025-12-30 16:21:30 - facade - INFO - 接收用户输入: 你好,請問你是誰?...
2025-12-30 16:21:30 - facade - INFO - 响应生成成功，长度: 14, 耗时: 0.005秒
2025-12-30 16:21:46 - facade - INFO - 系统已关闭
2025-12-30 16:27:54 - facade - INFO - 自衍体AI系统初始化中...
2025-12-30 16:27:57 - facade - INFO - 自衍体AI系统 v1.0.0 初始化完成
2025-12-30 16:27:57 - facade - INFO - 会话ID: default
2025-12-30 16:27:57 - facade - INFO - 系统模式: standard
2025-12-30 16:27:57 - facade - INFO - 记忆系统: memo0
2025-12-30 16:27:57 - facade - INFO - 认知流程: 标准版
2025-12-30 16:28:20 - facade - INFO - 接收用户输入: 你好，请介绍一下自己...
2025-12-30 16:28:29 - facade - INFO - 响应生成成功，长度: 93, 耗时: 8.206秒
2025-12-30 16:28:30 - facade - INFO - 接收用户输入: 你有什么功能？...
2025-12-30 16:28:36 - facade - INFO - 响应生成成功，长度: 88, 耗时: 6.216秒
2025-12-30 16:28:37 - facade - INFO - 接收用户输入: 今天天气怎么样？...
2025-12-30 16:28:41 - facade - INFO - 响应生成成功，长度: 57, 耗时: 4.597秒
2025-12-30 16:28:42 - facade - INFO - 接收用户输入: 请用更详细的方式回答这个问题：什么是人工智能？...
2025-12-30 16:28:47 - facade - INFO - 响应生成成功，长度: 346, 耗时: 4.883秒
2025-12-30 16:32:04 - facade - INFO - 自衍体AI系统初始化中...
2025-12-30 16:32:07 - facade - INFO - 自衍体AI系统 v1.0.0 初始化完成
2025-12-30 16:32:07 - facade - INFO - 会话ID: default
2025-12-30 16:32:07 - facade - INFO - 系统模式: standard
2025-12-30 16:32:07 - facade - INFO - 记忆系统: memo0
2025-12-30 16:32:07 - facade - INFO - 认知流程: 标准版
2025-12-30 16:32:21 - facade - INFO - 接收用户输入: 你好,請問你是誰?...
2025-12-30 16:32:27 - facade - INFO - 响应生成成功，长度: 40, 耗时: 6.420秒
2025-12-30 16:32:44 - facade - INFO - 接收用户输入: 你好,請問你是誰?...
2025-12-30 16:32:50 - facade - INFO - 响应生成成功，长度: 35, 耗时: 6.046秒
2025-12-30 16:34:05 - facade - INFO - 系统已关闭
2025-12-30 16:34:09 - facade - INFO - 自衍体AI系统初始化中...
2025-12-30 16:34:12 - facade - INFO - 自衍体AI系统 v1.0.0 初始化完成
2025-12-30 16:34:12 - facade - INFO - 会话ID: default
2025-12-30 16:34:12 - facade - INFO - 系统模式: standard
2025-12-30 16:34:12 - facade - INFO - 记忆系统: memo0
2025-12-30 16:34:12 - facade - INFO - 认知流程: 标准版
2025-12-30 16:34:26 - facade - INFO - 接收用户输入: 你好,請問你是誰?...
2025-12-30 16:34:33 - facade - INFO - 响应生成成功，长度: 46, 耗时: 7.110秒
2025-12-30 16:34:39 - facade - INFO - 系统已关闭
2025-12-30 16:51:35 - facade - INFO - 自衍体AI系统初始化中...
2025-12-30 16:51:39 - facade - INFO - 自衍体AI系统 v1.0.0 初始化完成
2025-12-30 16:51:39 - facade - INFO - 会话ID: default
2025-12-30 16:51:39 - facade - INFO - 系统模式: standard
2025-12-30 16:51:39 - facade - INFO - 记忆系统: memo0
2025-12-30 16:51:39 - facade - INFO - 认知流程: 标准版
2025-12-30 16:51:52 - facade - INFO - 接收用户输入: 你好，请介绍一下自己...
2025-12-30 16:52:13 - facade - INFO - 响应生成成功，长度: 104, 耗时: 20.834秒
2025-12-30 16:52:14 - facade - INFO - 接收用户输入: 测试特殊字符：@#$%^&*()_+-={}[]|\:;"'<>,.?/~`...
2025-12-30 16:52:20 - facade - INFO - 响应生成成功，长度: 74, 耗时: 6.270秒
2025-12-30 16:52:21 - facade - INFO - 接收用户输入: 你好！😊🎉🚀 今天天气怎么样？...
2025-12-30 16:52:25 - facade - INFO - 响应生成成功，长度: 90, 耗时: 4.236秒
2025-12-30 16:52:26 - facade - INFO - 接收用户输入: 这是一个很长的消息，用于测试系统在处理长文本时的表现。这是一个很长的消息，用于测试系统在处理长文本时的表现。这是一个很长的消息，用于测试系统在处理长文本时的表现。这是一个很长的消息，用于测试系统在处理...
2025-12-30 16:52:32 - facade - INFO - 响应生成成功，长度: 94, 耗时: 5.243秒
2025-12-30 16:52:33 - facade - INFO - 接收用户输入: Hello 你好，こんにちは 안녕하세요...
2025-12-30 16:52:36 - facade - INFO - 响应生成成功，长度: 58, 耗时: 3.620秒
2025-12-30 16:55:28 - facade - INFO - 接收用户输入: 你好，这是标准 JSON 格式...
2025-12-30 16:55:37 - facade - INFO - 响应生成成功，长度: 71, 耗时: 9.408秒
2025-12-30 16:55:38 - facade - INFO - 接收用户输入: 你好，这是带 ASCII 转义的 JSON...
2025-12-30 16:55:45 - facade - INFO - 响应生成成功，长度: 56, 耗时: 6.909秒
2025-12-30 16:57:49 - facade - INFO - 系统已关闭
2025-12-30 16:58:43 - facade - INFO - 自衍体AI系统初始化中...
2025-12-30 16:58:46 - facade - INFO - 自衍体AI系统 v1.0.0 初始化完成
2025-12-30 16:58:46 - facade - INFO - 会话ID: default
2025-12-30 16:58:46 - facade - INFO - 系统模式: standard
2025-12-30 16:58:46 - facade - INFO - 记忆系统: memo0
2025-12-30 16:58:46 - facade - INFO - 认知流程: 标准版
2025-12-30 16:58:54 - facade - INFO - 系统已关闭
2025-12-30 16:59:21 - facade - INFO - 自衍体AI系统初始化中...
2025-12-30 16:59:24 - facade - INFO - 自衍体AI系统 v1.0.0 初始化完成
2025-12-30 16:59:24 - facade - INFO - 会话ID: default
2025-12-30 16:59:24 - facade - INFO - 系统模式: standard
2025-12-30 16:59:24 - facade - INFO - 记忆系统: memo0
2025-12-30 16:59:24 - facade - INFO - 认知流程: 标准版
2025-12-30 17:00:38 - facade - INFO - 系统已关闭
2025-12-30 17:00:56 - facade - INFO - 自衍体AI系统初始化中...
2025-12-30 17:01:01 - facade - INFO - 自衍体AI系统 v1.0.0 初始化完成
2025-12-30 17:01:01 - facade - INFO - 会话ID: default
2025-12-30 17:01:01 - facade - INFO - 系统模式: standard
2025-12-30 17:01:01 - facade - INFO - 记忆系统: memo0
2025-12-30 17:01:01 - facade - INFO - 认知流程: 标准版
2025-12-30 17:06:49 - facade - INFO - 接收用户输入: 你好，这是标准 JSON 格式...
2025-12-30 17:07:09 - facade - INFO - 响应生成成功，长度: 110, 耗时: 19.915秒
2025-12-30 17:07:10 - facade - INFO - 接收用户输入: 你好，这是带 ASCII 转义的 JSON...
2025-12-30 17:07:15 - facade - INFO - 响应生成成功，长度: 35, 耗时: 4.861秒
2025-12-30 17:07:16 - facade - INFO - 接收用户输入: 你好，这是 UTF-8 编码的字节...
2025-12-30 17:07:20 - facade - INFO - 响应生成成功，长度: 72, 耗时: 4.325秒
2025-12-30 17:07:21 - facade - INFO - 接收用户输入: 你好...
2025-12-30 17:07:25 - facade - INFO - 响应生成成功，长度: 28, 耗时: 3.356秒
2025-12-30 17:07:26 - facade - INFO - 接收用户输入: ä½ å¥½...
2025-12-30 17:07:30 - facade - INFO - 响应生成成功，长度: 22, 耗时: 4.157秒
2025-12-30 17:07:36 - facade - INFO - 接收用户输入: 你好，这是 Unicode 转义...
2025-12-30 17:07:41 - facade - INFO - 响应生成成功，长度: 47, 耗时: 5.548秒
2025-12-30 17:08:39 - facade - INFO - 自衍体AI系统初始化中...
2025-12-30 17:08:43 - facade - INFO - 自衍体AI系统 v1.0.0 初始化完成
2025-12-30 17:08:43 - facade - INFO - 会话ID: default
2025-12-30 17:08:43 - facade - INFO - 系统模式: standard
2025-12-30 17:08:43 - facade - INFO - 记忆系统: memo0
2025-12-30 17:08:43 - facade - INFO - 认知流程: 标准版
2025-12-30 17:08:58 - facade - INFO - 接收用户输入: 你好,請問你是誰?...
2025-12-30 17:09:05 - facade - INFO - 响应生成成功，长度: 35, 耗时: 6.896秒
2025-12-30 17:09:23 - facade - INFO - 接收用户输入: 你好,請問你是誰?...
2025-12-30 17:09:28 - facade - INFO - 响应生成成功，长度: 35, 耗时: 5.641秒
2025-12-30 17:09:59 - facade - INFO - 自衍体AI系统初始化中...
2025-12-30 17:10:01 - facade - INFO - 自衍体AI系统 v1.0.0 初始化完成
2025-12-30 17:10:01 - facade - INFO - 会话ID: default
2025-12-30 17:10:01 - facade - INFO - 系统模式: standard
2025-12-30 17:10:01 - facade - INFO - 记忆系统: memo0
2025-12-30 17:10:01 - facade - INFO - 认知流程: 标准版
2025-12-30 17:10:11 - facade - INFO - 接收用户输入: 幫我寫一封郵件...
2025-12-30 17:10:18 - facade - INFO - 响应生成成功，长度: 56, 耗时: 7.636秒
2025-12-30 17:10:38 - facade - INFO - 接收用户输入: 幫我寫一封郵件...
2025-12-30 17:10:44 - facade - INFO - 响应生成成功，长度: 62, 耗时: 5.630秒
2025-12-30 17:11:14 - facade - INFO - 系统已关闭
2025-12-30 17:16:48 - facade - INFO - 自衍体AI系统初始化中...
2025-12-30 17:16:51 - facade - INFO - 自衍体AI系统 v1.0.0 初始化完成
2025-12-30 17:16:51 - facade - INFO - 会话ID: default
2025-12-30 17:16:51 - facade - INFO - 系统模式: standard
2025-12-30 17:16:51 - facade - INFO - 记忆系统: memo0
2025-12-30 17:16:51 - facade - INFO - 认知流程: 标准版
2025-12-30 17:18:08 - facade - INFO - 接收用户输入: 你好，我叫小明...
2025-12-30 17:18:19 - facade - INFO - 响应生成成功，长度: 31, 耗时: 11.094秒
2025-12-30 17:18:20 - facade - INFO - 接收用户输入: 我今年25岁...
2025-12-30 17:18:30 - facade - INFO - 响应生成成功，长度: 76, 耗时: 10.078秒
2025-12-30 17:18:31 - facade - INFO - 接收用户输入: 你还记得我的名字吗？...
2025-12-30 17:18:39 - facade - INFO - 响应生成成功，长度: 31, 耗时: 7.595秒
2025-12-30 17:18:40 - facade - INFO - 接收用户输入: 我刚才说我多大了？...
2025-12-30 17:18:50 - facade - INFO - 响应生成成功，长度: 58, 耗时: 10.539秒
2025-12-30 17:18:51 - facade - INFO - 接收用户输入: 再见...
2025-12-30 17:18:57 - facade - INFO - 响应生成成功，长度: 30, 耗时: 5.442秒
2025-12-30 17:26:16 - facade - INFO - 接收用户输入: 你好，我叫小明...
2025-12-30 17:26:27 - facade - INFO - 响应生成成功，长度: 48, 耗时: 10.790秒
2025-12-30 17:26:28 - facade - INFO - 接收用户输入: 我今年25岁...
2025-12-30 17:26:38 - facade - INFO - 响应生成成功，长度: 62, 耗时: 10.116秒
2025-12-30 17:26:39 - facade - INFO - 接收用户输入: 你还记得我的名字吗？...
2025-12-30 17:26:50 - facade - INFO - 响应生成成功，长度: 43, 耗时: 10.859秒
2025-12-30 17:26:51 - facade - INFO - 接收用户输入: 我刚才说我多大了？...
2025-12-30 17:27:02 - facade - INFO - 响应生成成功，长度: 72, 耗时: 10.470秒
2025-12-30 17:27:03 - facade - INFO - 接收用户输入: 再见...
2025-12-30 17:27:09 - facade - INFO - 响应生成成功，长度: 21, 耗时: 6.219秒
2025-12-30 17:34:27 - facade - INFO - 接收用户输入: 你好，我叫小明...
2025-12-30 17:34:39 - facade - INFO - 响应生成成功，长度: 24, 耗时: 11.916秒
2025-12-30 17:34:40 - facade - INFO - 接收用户输入: 我今年25岁...
2025-12-30 17:34:57 - facade - INFO - 响应生成成功，长度: 62, 耗时: 16.811秒
2025-12-30 17:34:58 - facade - INFO - 接收用户输入: 你还记得我的名字吗？...
2025-12-30 17:35:09 - facade - INFO - 响应生成成功，长度: 30, 耗时: 11.270秒
2025-12-30 17:35:10 - facade - INFO - 接收用户输入: 我刚才说我多大了？...
2025-12-30 17:35:21 - facade - INFO - 响应生成成功，长度: 42, 耗时: 10.275秒
2025-12-30 17:35:22 - facade - INFO - 接收用户输入: 再见...
2025-12-30 17:35:29 - facade - INFO - 响应生成成功，长度: 23, 耗时: 7.334秒
2025-12-30 17:36:36 - facade - INFO - 系统已关闭
2025-12-30 17:36:38 - facade - INFO - 自衍体AI系统初始化中...
2025-12-30 17:36:42 - facade - INFO - 自衍体AI系统 v1.0.0 初始化完成
2025-12-30 17:36:42 - facade - INFO - 会话ID: default
2025-12-30 17:36:42 - facade - INFO - 系统模式: standard
2025-12-30 17:36:42 - facade - INFO - 记忆系统: memo0
2025-12-30 17:36:42 - facade - INFO - 认知流程: 标准版
2025-12-30 17:43:17 - facade - INFO - 系统已关闭
2025-12-30 17:43:33 - facade - INFO - 自衍体AI系统初始化中...
2025-12-30 17:43:36 - facade - INFO - 自衍体AI系统 v1.0.0 初始化完成
2025-12-30 17:43:36 - facade - INFO - 会话ID: default
2025-12-30 17:43:36 - facade - INFO - 系统模式: standard
2025-12-30 17:43:36 - facade - INFO - 记忆系统: memo0
2025-12-30 17:43:36 - facade - INFO - 认知流程: 标准版
2025-12-30 17:44:22 - facade - INFO - 接收用户输入: 你還記得我是誰嗎?...
2025-12-30 17:44:22 - facade - INFO - 响应生成成功，长度: 23, 耗时: 0.038秒
2025-12-30 17:44:39 - facade - INFO - 系统已关闭
2025-12-30 17:45:46 - facade - INFO - 自衍体AI系统初始化中...
2025-12-30 17:45:49 - facade - INFO - 自衍体AI系统 v1.0.0 初始化完成
2025-12-30 17:45:49 - facade - INFO - 会话ID: default
2025-12-30 17:45:49 - facade - INFO - 系统模式: standard
2025-12-30 17:45:49 - facade - INFO - 记忆系统: memo0
2025-12-30 17:45:49 - facade - INFO - 认知流程: 标准版
2025-12-30 17:46:46 - facade - INFO - 系统已关闭
2025-12-30 17:47:11 - facade - INFO - 自衍体AI系统初始化中...
2025-12-30 17:47:14 - facade - INFO - 自衍体AI系统 v1.0.0 初始化完成
2025-12-30 17:47:14 - facade - INFO - 会话ID: default
2025-12-30 17:47:14 - facade - INFO - 系统模式: standard
2025-12-30 17:47:14 - facade - INFO - 记忆系统: memo0
2025-12-30 17:47:14 - facade - INFO - 认知流程: 标准版
2025-12-30 17:47:38 - facade - INFO - 系统已关闭
2025-12-30 17:48:04 - facade - INFO - 自衍体AI系统初始化中...
2025-12-30 17:48:07 - facade - INFO - 自衍体AI系统 v1.0.0 初始化完成
2025-12-30 17:48:07 - facade - INFO - 会话ID: default
2025-12-30 17:48:07 - facade - INFO - 系统模式: standard
2025-12-30 17:48:07 - facade - INFO - 记忆系统: memo0
2025-12-30 17:48:07 - facade - INFO - 认知流程: 标准版
2025-12-30 17:48:45 - facade - INFO - 接收用户输入: 你好，我叫小明...
2025-12-30 17:48:45 - facade - INFO - 响应生成成功，长度: 22, 耗时: 0.022秒
2025-12-30 17:48:46 - facade - INFO - 接收用户输入: 我今年25岁...
2025-12-30 17:48:46 - facade - INFO - 响应生成成功，长度: 19, 耗时: 0.012秒
2025-12-30 17:48:47 - facade - INFO - 接收用户输入: 你还记得我的名字吗？...
2025-12-30 17:48:47 - facade - INFO - 响应生成成功，长度: 22, 耗时: 0.008秒
2025-12-30 17:48:48 - facade - INFO - 接收用户输入: 我刚才说我多大了？...
2025-12-30 17:48:48 - facade - INFO - 响应生成成功，长度: 22, 耗时: 0.012秒
2025-12-30 17:48:49 - facade - INFO - 接收用户输入: 再见...
2025-12-30 17:48:49 - facade - INFO - 响应生成成功，长度: 22, 耗时: 0.008秒
2025-12-30 17:50:56 - facade - INFO - 系统已关闭
2025-12-30 17:50:59 - facade - INFO - 自衍体AI系统初始化中...
2025-12-30 17:51:03 - facade - INFO - 自衍体AI系统 v1.0.0 初始化完成
2025-12-30 17:51:03 - facade - INFO - 会话ID: default
2025-12-30 17:51:03 - facade - INFO - 系统模式: standard
2025-12-30 17:51:03 - facade - INFO - 记忆系统: memo0
2025-12-30 17:51:03 - facade - INFO - 认知流程: 标准版
2025-12-30 17:51:35 - facade - INFO - 接收用户输入: 你好，我叫小明...
2025-12-30 17:51:35 - facade - INFO - 响应生成成功，长度: 19, 耗时: 0.027秒
2025-12-30 17:51:36 - facade - INFO - 接收用户输入: 我今年25岁...
2025-12-30 17:51:36 - facade - INFO - 响应生成成功，长度: 23, 耗时: 0.009秒
2025-12-30 17:51:37 - facade - INFO - 接收用户输入: 你还记得我的名字吗？...
2025-12-30 17:51:37 - facade - INFO - 响应生成成功，长度: 23, 耗时: 0.012秒
2025-12-30 17:51:38 - facade - INFO - 接收用户输入: 我刚才说我多大了？...
2025-12-30 17:51:38 - facade - INFO - 响应生成成功，长度: 22, 耗时: 0.012秒
2025-12-30 17:51:39 - facade - INFO - 接收用户输入: 再见...
2025-12-30 17:51:39 - facade - INFO - 响应生成成功，长度: 22, 耗时: 0.014秒
2025-12-30 17:55:10 - facade - INFO - 系统已关闭
2025-12-30 17:55:51 - facade - INFO - 自衍体AI系统初始化中...
2025-12-30 17:55:54 - facade - INFO - 自衍体AI系统 v1.0.0 初始化完成
2025-12-30 17:55:54 - facade - INFO - 会话ID: default
2025-12-30 17:55:54 - facade - INFO - 系统模式: standard
2025-12-30 17:55:54 - facade - INFO - 记忆系统: memo0
2025-12-30 17:55:54 - facade - INFO - 认知流程: 标准版
2025-12-30 17:56:09 - facade - INFO - 接收用户输入: 你好，我叫小明...
2025-12-30 17:56:09 - facade - INFO - 响应生成成功，长度: 23, 耗时: 0.028秒
2025-12-30 17:56:10 - facade - INFO - 接收用户输入: 我今年25岁...
2025-12-30 17:56:10 - facade - INFO - 响应生成成功，长度: 22, 耗时: 0.008秒
2025-12-30 17:56:11 - facade - INFO - 接收用户输入: 你还记得我的名字吗？...
2025-12-30 17:56:11 - facade - INFO - 响应生成成功，长度: 23, 耗时: 0.019秒
2025-12-30 17:56:12 - facade - INFO - 接收用户输入: 我刚才说我多大了？...
2025-12-30 17:56:12 - facade - INFO - 响应生成成功，长度: 23, 耗时: 0.009秒
2025-12-30 17:56:13 - facade - INFO - 接收用户输入: 再见...
2025-12-30 17:56:13 - facade - INFO - 响应生成成功，长度: 23, 耗时: 0.009秒
2025-12-30 17:59:22 - facade - INFO - 自衍体AI系统初始化中...
2025-12-30 17:59:25 - facade - INFO - 自衍体AI系统 v1.0.0 初始化完成
2025-12-30 17:59:25 - facade - INFO - 会话ID: default
2025-12-30 17:59:25 - facade - INFO - 系统模式: standard
2025-12-30 17:59:25 - facade - INFO - 记忆系统: memo0
2025-12-30 17:59:25 - facade - INFO - 认知流程: 标准版
2025-12-30 17:59:25 - facade - INFO - 系统已关闭
2025-12-30 17:59:32 - facade - INFO - 自衍体AI系统初始化中...
2025-12-30 17:59:36 - facade - INFO - 自衍体AI系统 v1.0.0 初始化完成
2025-12-30 17:59:36 - facade - INFO - 会话ID: default
2025-12-30 17:59:36 - facade - INFO - 系统模式: standard
2025-12-30 17:59:36 - facade - INFO - 记忆系统: memo0
2025-12-30 17:59:36 - facade - INFO - 认知流程: 标准版
2025-12-30 17:59:36 - facade - INFO - 系统已关闭
2025-12-30 17:59:49 - facade - INFO - 自衍体AI系统初始化中...
2025-12-30 17:59:52 - facade - INFO - 自衍体AI系统 v1.0.0 初始化完成
2025-12-30 17:59:52 - facade - INFO - 会话ID: default
2025-12-30 17:59:52 - facade - INFO - 系统模式: standard
2025-12-30 17:59:52 - facade - INFO - 记忆系统: memo0
2025-12-30 17:59:52 - facade - INFO - 认知流程: 标准版
2025-12-30 17:59:52 - facade - INFO - 系统已关闭
2025-12-30 18:00:08 - facade - INFO - 自衍体AI系统初始化中...
2025-12-30 18:00:11 - facade - INFO - 自衍体AI系统 v1.0.0 初始化完成
2025-12-30 18:00:11 - facade - INFO - 会话ID: default
2025-12-30 18:00:11 - facade - INFO - 系统模式: standard
2025-12-30 18:00:11 - facade - INFO - 记忆系统: memo0
2025-12-30 18:00:11 - facade - INFO - 认知流程: 标准版
2025-12-30 18:00:18 - facade - INFO - 接收用户输入: 你好，我叫小明...
2025-12-30 18:00:18 - facade - INFO - 响应生成成功，长度: 19, 耗时: 0.027秒
2025-12-30 18:00:19 - facade - INFO - 接收用户输入: 我今年25岁...
2025-12-30 18:00:20 - facade - INFO - 响应生成成功，长度: 22, 耗时: 0.017秒
2025-12-30 18:00:21 - facade - INFO - 接收用户输入: 你还记得我的名字吗？...
2025-12-30 18:00:21 - facade - INFO - 响应生成成功，长度: 22, 耗时: 0.013秒
2025-12-30 18:00:22 - facade - INFO - 接收用户输入: 我刚才说我多大了？...
2025-12-30 18:00:22 - facade - INFO - 响应生成成功，长度: 22, 耗时: 0.017秒
2025-12-30 18:00:23 - facade - INFO - 接收用户输入: 再见...
2025-12-30 18:00:23 - facade - INFO - 响应生成成功，长度: 19, 耗时: 0.013秒
2025-12-30 18:01:36 - facade - INFO - 系统已关闭
2025-12-30 18:01:55 - facade - INFO - 自衍体AI系统初始化中...
2025-12-30 18:01:59 - facade - INFO - 自衍体AI系统 v1.0.0 初始化完成
2025-12-30 18:01:59 - facade - INFO - 会话ID: default
2025-12-30 18:01:59 - facade - INFO - 系统模式: standard
2025-12-30 18:01:59 - facade - INFO - 记忆系统: memo0
2025-12-30 18:01:59 - facade - INFO - 认知流程: 标准版
2025-12-30 18:02:09 - facade - INFO - 接收用户输入: 你好，我叫小明...
2025-12-30 18:02:09 - facade - INFO - 响应生成成功，长度: 23, 耗时: 0.035秒
2025-12-30 18:02:10 - facade - INFO - 接收用户输入: 我今年25岁...
2025-12-30 18:02:10 - facade - INFO - 响应生成成功，长度: 19, 耗时: 0.011秒
2025-12-30 18:02:11 - facade - INFO - 接收用户输入: 你还记得我的名字吗？...
2025-12-30 18:02:11 - facade - INFO - 响应生成成功，长度: 19, 耗时: 0.013秒
2025-12-30 18:02:12 - facade - INFO - 接收用户输入: 我刚才说我多大了？...
2025-12-30 18:02:12 - facade - INFO - 响应生成成功，长度: 19, 耗时: 0.011秒
2025-12-30 18:02:13 - facade - INFO - 接收用户输入: 再见...
2025-12-30 18:02:13 - facade - INFO - 响应生成成功，长度: 23, 耗时: 0.011秒
2025-12-30 18:13:05 - facade - INFO - 接收用户输入: 你好，我叫小明...
2025-12-30 18:13:05 - facade - INFO - 响应生成成功，长度: 19, 耗时: 0.067秒
2025-12-30 18:13:06 - facade - INFO - 接收用户输入: 我今年25岁...
2025-12-30 18:13:06 - facade - INFO - 响应生成成功，长度: 23, 耗时: 0.010秒
2025-12-30 18:13:07 - facade - INFO - 接收用户输入: 你还记得我的名字吗？...
2025-12-30 18:13:07 - facade - INFO - 响应生成成功，长度: 19, 耗时: 0.009秒
2025-12-30 18:13:08 - facade - INFO - 接收用户输入: 我刚才说我多大了？...
2025-12-30 18:13:08 - facade - INFO - 响应生成成功，长度: 22, 耗时: 0.017秒
2025-12-30 18:13:09 - facade - INFO - 接收用户输入: 再见...
2025-12-30 18:13:09 - facade - INFO - 响应生成成功，长度: 23, 耗时: 0.012秒
2025-12-30 18:14:58 - facade - INFO - 系统已关闭
2025-12-30 18:15:03 - facade - INFO - 自衍体AI系统初始化中...
2025-12-30 18:15:06 - facade - INFO - 自衍体AI系统 v1.0.0 初始化完成
2025-12-30 18:15:06 - facade - INFO - 会话ID: default
2025-12-30 18:15:06 - facade - INFO - 系统模式: standard
2025-12-30 18:15:06 - facade - INFO - 记忆系统: memo0
2025-12-30 18:15:06 - facade - INFO - 认知流程: 标准版
2025-12-30 18:15:11 - facade - INFO - 接收用户输入: 你好，我叫小明...
2025-12-30 18:15:11 - facade - INFO - 响应生成成功，长度: 23, 耗时: 0.017秒
2025-12-30 18:15:12 - facade - INFO - 接收用户输入: 我今年25岁...
2025-12-30 18:15:12 - facade - INFO - 响应生成成功，长度: 23, 耗时: 0.017秒
2025-12-30 18:15:13 - facade - INFO - 接收用户输入: 你还记得我的名字吗？...
2025-12-30 18:15:13 - facade - INFO - 响应生成成功，长度: 22, 耗时: 0.013秒
2025-12-30 18:15:14 - facade - INFO - 接收用户输入: 我刚才说我多大了？...
2025-12-30 18:15:14 - facade - INFO - 响应生成成功，长度: 22, 耗时: 0.012秒
2025-12-30 18:15:15 - facade - INFO - 接收用户输入: 再见...
2025-12-30 18:15:15 - facade - INFO - 响应生成成功，长度: 23, 耗时: 0.013秒
2025-12-30 18:19:10 - facade - INFO - 系统已关闭
2025-12-30 18:19:13 - facade - INFO - 自衍体AI系统初始化中...
2025-12-30 18:19:16 - facade - INFO - 自衍体AI系统 v1.0.0 初始化完成
2025-12-30 18:19:16 - facade - INFO - 会话ID: default
2025-12-30 18:19:16 - facade - INFO - 系统模式: standard
2025-12-30 18:19:16 - facade - INFO - 记忆系统: memo0
2025-12-30 18:19:16 - facade - INFO - 认知流程: 标准版
2025-12-30 18:19:25 - facade - INFO - 接收用户输入: 你好，我叫小明...
2025-12-30 18:19:25 - facade - INFO - 响应生成成功，长度: 22, 耗时: 0.035秒
2025-12-30 18:19:26 - facade - INFO - 接收用户输入: 我今年25岁...
2025-12-30 18:19:26 - facade - INFO - 响应生成成功，长度: 22, 耗时: 0.012秒
2025-12-30 18:19:27 - facade - INFO - 接收用户输入: 你还记得我的名字吗？...
2025-12-30 18:19:27 - facade - INFO - 响应生成成功，长度: 19, 耗时: 0.014秒
2025-12-30 18:19:28 - facade - INFO - 接收用户输入: 我刚才说我多大了？...
2025-12-30 18:19:28 - facade - INFO - 响应生成成功，长度: 23, 耗时: 0.012秒
2025-12-30 18:19:29 - facade - INFO - 接收用户输入: 再见...
2025-12-30 18:19:29 - facade - INFO - 响应生成成功，长度: 23, 耗时: 0.029秒
2025-12-30 18:20:00 - facade - INFO - 系统已关闭
2025-12-30 18:20:02 - facade - INFO - 自衍体AI系统初始化中...
2025-12-30 18:20:06 - facade - INFO - 自衍体AI系统 v1.0.0 初始化完成
2025-12-30 18:20:06 - facade - INFO - 会话ID: default
2025-12-30 18:20:06 - facade - INFO - 系统模式: standard
2025-12-30 18:20:06 - facade - INFO - 记忆系统: memo0
2025-12-30 18:20:06 - facade - INFO - 认知流程: 标准版
2025-12-30 18:20:21 - facade - INFO - 接收用户输入: 你好，我叫小明...
2025-12-30 18:20:21 - facade - INFO - 响应生成成功，长度: 19, 耗时: 0.026秒
2025-12-30 18:20:22 - facade - INFO - 接收用户输入: 我今年25岁...
2025-12-30 18:20:22 - facade - INFO - 响应生成成功，长度: 22, 耗时: 0.008秒
2025-12-30 18:20:23 - facade - INFO - 接收用户输入: 你还记得我的名字吗？...
2025-12-30 18:20:23 - facade - INFO - 响应生成成功，长度: 22, 耗时: 0.012秒
2025-12-30 18:20:24 - facade - INFO - 接收用户输入: 我刚才说我多大了？...
2025-12-30 18:20:24 - facade - INFO - 响应生成成功，长度: 23, 耗时: 0.016秒
2025-12-30 18:20:25 - facade - INFO - 接收用户输入: 再见...
2025-12-30 18:20:25 - facade - INFO - 响应生成成功，长度: 19, 耗时: 0.013秒
2025-12-30 18:21:36 - facade - INFO - 系统已关闭
2025-12-30 18:21:38 - facade - INFO - 自衍体AI系统初始化中...
2025-12-30 18:21:41 - facade - INFO - 自衍体AI系统 v1.0.0 初始化完成
2025-12-30 18:21:41 - facade - INFO - 会话ID: default
2025-12-30 18:21:41 - facade - INFO - 系统模式: standard
2025-12-30 18:21:41 - facade - INFO - 记忆系统: memo0
2025-12-30 18:21:41 - facade - INFO - 认知流程: 标准版
2025-12-30 18:21:48 - facade - INFO - 接收用户输入: 你好，我叫小明...
2025-12-30 18:22:00 - facade - INFO - 响应生成成功，长度: 24, 耗时: 12.541秒
2025-12-30 18:22:01 - facade - INFO - 接收用户输入: 我今年25岁...
2025-12-30 18:22:16 - facade - INFO - 响应生成成功，长度: 67, 耗时: 15.061秒
2025-12-30 18:22:17 - facade - INFO - 接收用户输入: 你还记得我的名字吗？...
2025-12-30 18:22:23 - facade - INFO - 响应生成成功，长度: 68, 耗时: 6.058秒
2025-12-30 18:22:24 - facade - INFO - 接收用户输入: 我刚才说我多大了？...
2025-12-30 18:22:40 - facade - INFO - 响应生成成功，长度: 25, 耗时: 15.505秒
2025-12-30 18:22:41 - facade - INFO - 接收用户输入: 再见...
2025-12-30 18:22:47 - facade - INFO - 响应生成成功，长度: 26, 耗时: 5.874秒
2025-12-30 18:26:30 - facade - INFO - 系统已关闭
2025-12-30 18:26:35 - facade - INFO - 自衍体AI系统初始化中...
2025-12-30 18:26:37 - facade - INFO - 自衍体AI系统 v1.0.0 初始化完成
2025-12-30 18:26:37 - facade - INFO - 会话ID: default
2025-12-30 18:26:37 - facade - INFO - 系统模式: standard
2025-12-30 18:26:37 - facade - INFO - 记忆系统: memo0
2025-12-30 18:26:37 - facade - INFO - 认知流程: 标准版
2025-12-30 18:27:02 - facade - INFO - 接收用户输入: 你好，我叫小明...
2025-12-30 18:27:14 - facade - INFO - 响应生成成功，长度: 45, 耗时: 12.064秒
2025-12-30 18:27:15 - facade - INFO - 接收用户输入: 我今年25岁...
2025-12-30 18:27:29 - facade - INFO - 响应生成成功，长度: 85, 耗时: 13.928秒
2025-12-30 18:27:30 - facade - INFO - 接收用户输入: 你还记得我的名字吗？...
2025-12-30 18:27:43 - facade - INFO - 响应生成成功，长度: 58, 耗时: 12.130秒
2025-12-30 18:27:44 - facade - INFO - 接收用户输入: 我刚才说我多大了？...
2025-12-30 18:27:57 - facade - INFO - 响应生成成功，长度: 47, 耗时: 13.668秒
2025-12-30 18:27:58 - facade - INFO - 接收用户输入: 再见...
2025-12-30 18:28:05 - facade - INFO - 响应生成成功，长度: 25, 耗时: 6.693秒
2025-12-30 18:28:38 - facade - INFO - 自衍体AI系统初始化中...
2025-12-30 18:28:41 - facade - INFO - 自衍体AI系统 v1.0.0 初始化完成
2025-12-30 18:28:41 - facade - INFO - 会话ID: default
2025-12-30 18:28:41 - facade - INFO - 系统模式: standard
2025-12-30 18:28:41 - facade - INFO - 记忆系统: memo0
2025-12-30 18:28:41 - facade - INFO - 认知流程: 标准版
2025-12-30 18:28:52 - facade - INFO - 接收用户输入: 你還記得我是誰嗎?...
2025-12-30 18:28:59 - facade - INFO - 响应生成成功，长度: 75, 耗时: 6.410秒
2025-12-30 18:29:24 - facade - INFO - 接收用户输入: 你還記得我是誰嗎?...
2025-12-30 18:29:36 - facade - INFO - 响应生成成功，长度: 46, 耗时: 11.764秒
2025-12-30 18:29:41 - facade - INFO - 系统已关闭
2025-12-30 18:33:56 - facade - INFO - 自衍体AI系统初始化中...
2025-12-30 18:33:59 - facade - INFO - 自衍体AI系统 v1.0.0 初始化完成
2025-12-30 18:33:59 - facade - INFO - 会话ID: default
2025-12-30 18:33:59 - facade - INFO - 系统模式: standard
2025-12-30 18:33:59 - facade - INFO - 记忆系统: memo0
2025-12-30 18:33:59 - facade - INFO - 认知流程: 标准版
2025-12-30 18:35:05 - facade - INFO - 接收用户输入: 幫我寫封郵件...
2025-12-30 18:35:12 - facade - INFO - 响应生成成功，长度: 68, 耗时: 7.290秒
2025-12-30 18:35:41 - facade - INFO - 接收用户输入: 我想知道你是谁...
2025-12-30 18:36:09 - facade - INFO - 响应生成成功，长度: 86, 耗时: 27.177秒
