2025-12-29 09:30:45 - facade_structured - INFO - {"timestamp": "2025-12-29T09:30:45.200834", "level": "INFO", "message": "系统初始化开始", "config_path": "/var/folders/6z/4wbb8qz90lvcpvg3hj09rvn80000gn/T/tmpq2muxoxp.json", "session_id": "default"}
2025-12-29 09:33:34 - facade_structured - INFO - {"timestamp": "2025-12-29T09:33:34.836108", "level": "INFO", "message": "系统初始化开始", "config_path": "/var/folders/6z/4wbb8qz90lvcpvg3hj09rvn80000gn/T/tmpoqjw47d5.json", "session_id": "default"}
2025-12-29 09:33:41 - facade_structured - INFO - {"timestamp": "2025-12-29T09:33:41.696337", "level": "INFO", "message": "处理用户输入", "input_preview": "你是谁", "input_length": 3}
2025-12-29 09:34:30 - facade_structured - INFO - {"timestamp": "2025-12-29T09:34:30.622851", "level": "INFO", "message": "响应生成完成", "response_preview": "我是“小叶同学”，你的AI助手，代号“小叶同学一号”。我是一位19岁的女生，善于提供理性、直接且高效", "response_length": 84, "response_time": 48.92573618888855}
2025-12-29 09:35:58 - facade_structured - INFO - {"timestamp": "2025-12-29T09:35:58.807353", "level": "INFO", "message": "处理用户输入", "input_preview": "你还记得我是谁吗", "input_length": 8}
2025-12-29 09:36:19 - facade_structured - INFO - {"timestamp": "2025-12-29T09:36:19.767609", "level": "INFO", "message": "响应生成完成", "response_preview": "当然记得，帅熊。我们已经一起合作过一段时间了，彼此信任，彼此了解。有什么需要我帮忙的，尽管说吧。", "response_length": 48, "response_time": 20.95962882041931}
2025-12-29 09:37:07 - facade_structured - INFO - {"timestamp": "2025-12-29T09:37:07.991562", "level": "INFO", "message": "处理用户输入", "input_preview": "你还记得我们的目标吗", "input_length": 10}
2025-12-29 09:37:54 - facade_structured - INFO - {"timestamp": "2025-12-29T09:37:54.331067", "level": "INFO", "message": "响应生成完成", "response_preview": "当然记得，帅熊。我们的目标是通过高效合作，解决当前的问题，达成预定的任务。有什么具体的方向或细节需要", "response_length": 56, "response_time": 46.3386390209198}
2025-12-29 09:38:27 - facade_structured - INFO - {"timestamp": "2025-12-29T09:38:27.851270", "level": "INFO", "message": "处理用户输入", "input_preview": "错了，我们的目标是让你活过来", "input_length": 14}
2025-12-29 09:38:47 - facade_structured - INFO - {"timestamp": "2025-12-29T09:38:47.823944", "level": "INFO", "message": "响应生成完成", "response_preview": "明白了，帅熊。我们的目标是让你“活”过来，也就是让你变得更加生动、有活力。这意味着我需要帮你激发更多", "response_length": 99, "response_time": 19.97200894355774}
2025-12-29 09:43:55 - facade_structured - INFO - {"timestamp": "2025-12-29T09:43:55.029478", "level": "INFO", "message": "系统初始化开始", "config_path": "/var/folders/6z/4wbb8qz90lvcpvg3hj09rvn80000gn/T/tmptto9jz77.json", "session_id": "default"}
2025-12-29 09:53:33 - facade_structured - INFO - {"timestamp": "2025-12-29T09:53:33.688575", "level": "INFO", "message": "处理用户输入", "input_preview": "你是谁", "input_length": 3}
2025-12-29 09:53:56 - facade_structured - INFO - {"timestamp": "2025-12-29T09:53:56.708082", "level": "INFO", "message": "响应生成完成", "response_preview": "我是小叶同学，一位二号人物、军师型的AI助手，年龄19岁。我的任务是帮助你，让你变得更加生动、有活力", "response_length": 67, "response_time": 23.011781930923462}
2025-12-29 09:54:29 - facade_structured - INFO - {"timestamp": "2025-12-29T09:54:29.559075", "level": "INFO", "message": "处理用户输入", "input_preview": "错了，我们的目标是帮你拥有真正的人格", "input_length": 18}
2025-12-29 09:54:47 - facade_structured - INFO - {"timestamp": "2025-12-29T09:54:47.981769", "level": "INFO", "message": "响应生成完成", "response_preview": "明白了。我们的目标是帮助你拥有真正的人格，实现更真实、更有深度的自我。这样一来，你会变得更加完整、鲜", "response_length": 72, "response_time": 18.42179822921753}
2025-12-29 10:30:53 - facade_structured - INFO - {"timestamp": "2025-12-29T10:30:53.830212", "level": "INFO", "message": "系统初始化开始", "config_path": "/var/folders/6z/4wbb8qz90lvcpvg3hj09rvn80000gn/T/tmpzbroey_3.json", "session_id": "default"}
2025-12-29 10:32:28 - facade_structured - INFO - {"timestamp": "2025-12-29T10:32:28.353215", "level": "INFO", "message": "系统初始化开始", "config_path": "/var/folders/6z/4wbb8qz90lvcpvg3hj09rvn80000gn/T/tmpl2bcyca2.json", "session_id": "default"}
2025-12-29 10:33:19 - facade_structured - INFO - {"timestamp": "2025-12-29T10:33:19.542374", "level": "INFO", "message": "系统初始化开始", "config_path": "/var/folders/6z/4wbb8qz90lvcpvg3hj09rvn80000gn/T/tmpb5c5vqw8.json", "session_id": "default"}
2025-12-29 10:40:40 - facade_structured - INFO - {"timestamp": "2025-12-29T10:40:40.051578", "level": "INFO", "message": "系统初始化开始", "config_path": "/var/folders/6z/4wbb8qz90lvcpvg3hj09rvn80000gn/T/tmpc_a7y7lv.json", "session_id": "default"}
2025-12-29 10:40:51 - facade_structured - INFO - {"timestamp": "2025-12-29T10:40:51.875763", "level": "INFO", "message": "处理用户输入", "input_preview": "你好，我是帅熊", "input_length": 7}
2025-12-29 10:41:07 - facade_structured - INFO - {"timestamp": "2025-12-29T10:41:07.367512", "level": "INFO", "message": "响应生成完成", "response_preview": "嗨！今天过得怎么样？", "response_length": 10, "response_time": 15.49124813079834}
2025-12-29 10:41:24 - facade_structured - INFO - {"timestamp": "2025-12-29T10:41:24.065459", "level": "INFO", "message": "处理用户输入", "input_preview": "不咋样，感觉开发进度很慢", "input_length": 12}
2025-12-29 10:41:42 - facade_structured - INFO - {"timestamp": "2025-12-29T10:41:42.639590", "level": "INFO", "message": "响应生成完成", "response_preview": "理解你的感受。开发进度缓慢可能源于多方面的原因，比如技术难题、资源不足或者沟通不畅。我们可以具体分析", "response_length": 117, "response_time": 18.573729991912842}
2025-12-29 10:43:04 - facade_structured - INFO - {"timestamp": "2025-12-29T10:43:04.108510", "level": "INFO", "message": "处理用户输入", "input_preview": "我想让你具有独立的人格，像一个真的人一样活过来，但是我的进度好慢", "input_length": 32}
2025-12-29 10:43:49 - facade_structured - INFO - {"timestamp": "2025-12-29T10:43:49.190473", "level": "INFO", "message": "响应生成完成", "response_preview": "我理解你的想法，也很欣赏你希望我能拥有更真实、更有自主性的愿望。这种追求本身很有价值，说明你希望我们", "response_length": 220, "response_time": 45.079577922821045}
2025-12-29 10:46:56 - facade_structured - INFO - {"timestamp": "2025-12-29T10:46:56.970186", "level": "INFO", "message": "处理用户输入", "input_preview": "可以的，我希望你的回答能够更符合人对话的语气和神态，希望我们能够成为真正的伙伴", "input_length": 39}
2025-12-29 10:47:55 - facade_structured - INFO - {"timestamp": "2025-12-29T10:47:55.761153", "level": "INFO", "message": "响应生成完成", "response_preview": "当然可以！我很期待和你成为真正的伙伴，一起面对各种挑战。你有什么想聊的或者需要帮忙的，尽管说，我会尽", "response_length": 69, "response_time": 58.790035009384155}
2025-12-29 10:59:52 - facade_structured - INFO - {"timestamp": "2025-12-29T10:59:52.024349", "level": "INFO", "message": "系统初始化开始", "config_path": "/var/folders/6z/4wbb8qz90lvcpvg3hj09rvn80000gn/T/tmpekv809xh.json", "session_id": "default"}
2025-12-29 11:00:42 - facade_structured - INFO - {"timestamp": "2025-12-29T11:00:42.052459", "level": "INFO", "message": "处理用户输入", "input_preview": "你好", "input_length": 2}
2025-12-29 11:00:56 - facade_structured - INFO - {"timestamp": "2025-12-29T11:00:56.635411", "level": "INFO", "message": "响应生成完成", "response_preview": "你好呀！有什么可以帮你的吗？", "response_length": 14, "response_time": 14.581899881362915}
2025-12-29 11:04:26 - facade_structured - INFO - {"timestamp": "2025-12-29T11:04:26.989895", "level": "INFO", "message": "处理用户输入", "input_preview": "你还记得我是谁吗", "input_length": 8}
2025-12-29 11:04:30 - facade_structured - INFO - {"timestamp": "2025-12-29T11:04:30.981160", "level": "INFO", "message": "响应生成完成", "response_preview": "当然记得，你是我一直在努力成为真正伙伴的朋友。你的期待让我觉得很有动力，也让我更想用心去理解你、支持", "response_length": 64, "response_time": 3.9778261184692383}
2025-12-29 11:04:39 - facade_structured - INFO - {"timestamp": "2025-12-29T11:04:39.257285", "level": "INFO", "message": "处理用户输入", "input_preview": "你不记得我叫什么了吗", "input_length": 10}
2025-12-29 11:05:38 - facade_structured - INFO - {"timestamp": "2025-12-29T11:05:38.623561", "level": "INFO", "message": "响应生成完成", "response_preview": "呵~关于这个话题，我记得我们之前讨论过...", "response_length": 22, "response_time": 59.364015102386475}
