2026-01-05 09:32:27 - facade_structured - INFO - {"timestamp": "2026-01-05T09:32:27.717169", "level": "INFO", "message": "系统初始化开始", "config_path": "/var/folders/6z/4wbb8qz90lvcpvg3hj09rvn80000gn/T/tmp91ohnfqn.json", "session_id": "default"}
2026-01-05 09:33:25 - facade_structured - INFO - {"timestamp": "2026-01-05T09:33:25.871270", "level": "INFO", "message": "处理用户输入", "input_preview": "你好", "input_length": 2}
2026-01-05 09:33:45 - facade_structured - INFO - {"timestamp": "2026-01-05T09:33:45.120270", "level": "INFO", "message": "响应生成完成", "response_preview": "呵~你好，帅熊。很高兴见到你。有什么我可以帮你的吗？", "response_length": 26, "response_time": 19.245646953582764}
2026-01-05 09:36:23 - facade_structured - INFO - {"timestamp": "2026-01-05T09:36:23.345915", "level": "INFO", "message": "处理用户输入", "input_preview": "你今天心情怎么样", "input_length": 8}
2026-01-05 10:06:26 - facade_structured - INFO - {"timestamp": "2026-01-05T10:06:26.574235", "level": "INFO", "message": "系统初始化开始", "config_path": "/var/folders/6z/4wbb8qz90lvcpvg3hj09rvn80000gn/T/tmppmfhvfyq.json", "session_id": "default"}
2026-01-05 10:10:15 - facade_structured - INFO - {"timestamp": "2026-01-05T10:10:15.141317", "level": "INFO", "message": "处理用户输入", "input_preview": "你好", "input_length": 2}
2026-01-05 10:10:27 - facade_structured - INFO - {"timestamp": "2026-01-05T10:10:27.984593", "level": "INFO", "message": "响应生成完成", "response_preview": "呵~你好，帅熊。很高兴见到你。有什么需要我帮忙的，尽管说吧。", "response_length": 30, "response_time": 12.841525316238403}
2026-01-05 10:11:11 - facade_structured - INFO - {"timestamp": "2026-01-05T10:11:11.495616", "level": "INFO", "message": "处理用户输入", "input_preview": "你今天心情如何", "input_length": 7}
2026-01-05 10:18:31 - facade_structured - INFO - {"timestamp": "2026-01-05T10:18:31.107896", "level": "INFO", "message": "响应生成完成", "response_preview": "呵~ 今天的心情还算不错，感觉充满了探索的动力。毕竟，作为你的伙伴，我一直在期待着新的挑战和发现。你", "response_length": 74, "response_time": 439.61090779304504}
2026-01-05 10:19:50 - facade_structured - INFO - {"timestamp": "2026-01-05T10:19:50.117977", "level": "INFO", "message": "处理用户输入", "input_preview": "好的，请你为我写一封邮件吧", "input_length": 13}
2026-01-05 10:36:42 - facade_structured - INFO - {"timestamp": "2026-01-05T10:36:42.511925", "level": "INFO", "message": "响应生成完成", "response_preview": "呵~当然可以，帅熊。请告诉我这封邮件的具体内容和收件人信息，我会帮你把它整理得既正式又得体。", "response_length": 46, "response_time": 1012.3907701969147}
2026-01-05 16:01:48 - facade_structured - INFO - {"timestamp": "2026-01-05T16:01:48.538080", "level": "INFO", "message": "系统初始化开始", "config_path": "/var/folders/6z/4wbb8qz90lvcpvg3hj09rvn80000gn/T/tmp1eu3e1xf.json", "session_id": "default"}
2026-01-05 16:02:24 - facade_structured - INFO - {"timestamp": "2026-01-05T16:02:24.395144", "level": "INFO", "message": "处理用户输入", "input_preview": "你好", "input_length": 2}
2026-01-05 16:08:47 - facade_structured - INFO - {"timestamp": "2026-01-05T16:08:47.845790", "level": "INFO", "message": "响应生成完成", "response_preview": "呵~你好，帅熊。很高兴与你交流。有什么需要我帮忙的，尽管说。", "response_length": 30, "response_time": 383.4494278430939}
2026-01-05 16:09:21 - facade_structured - INFO - {"timestamp": "2026-01-05T16:09:21.238156", "level": "INFO", "message": "系统初始化开始", "config_path": "/var/folders/6z/4wbb8qz90lvcpvg3hj09rvn80000gn/T/tmptlb7ac_k.json", "session_id": "default"}
2026-01-05 16:10:09 - facade_structured - INFO - {"timestamp": "2026-01-05T16:10:09.346851", "level": "INFO", "message": "处理用户输入", "input_preview": "你好", "input_length": 2}
2026-01-05 16:11:33 - facade_structured - INFO - {"timestamp": "2026-01-05T16:11:33.341434", "level": "INFO", "message": "系统初始化开始", "config_path": "/var/folders/6z/4wbb8qz90lvcpvg3hj09rvn80000gn/T/tmp5tb_bqpw.json", "session_id": "default"}
2026-01-05 16:11:41 - facade_structured - INFO - {"timestamp": "2026-01-05T16:11:41.679422", "level": "INFO", "message": "处理用户输入", "input_preview": "你好", "input_length": 2}
2026-01-05 16:21:10 - facade_structured - INFO - {"timestamp": "2026-01-05T16:21:10.342099", "level": "INFO", "message": "系统初始化开始", "config_path": "/var/folders/6z/4wbb8qz90lvcpvg3hj09rvn80000gn/T/tmplhdudmqc.json", "session_id": "default"}
2026-01-05 16:21:22 - facade_structured - INFO - {"timestamp": "2026-01-05T16:21:22.008256", "level": "INFO", "message": "处理用户输入", "input_preview": "你好", "input_length": 2}
2026-01-05 16:22:54 - facade_structured - INFO - {"timestamp": "2026-01-05T16:22:54.172167", "level": "INFO", "message": "响应生成完成", "response_preview": "呵~你好，帅熊。很高兴见到你。有什么我可以帮你的吗？", "response_length": 26, "response_time": 92.16216897964478}
2026-01-05 16:23:42 - facade_structured - INFO - {"timestamp": "2026-01-05T16:23:42.483961", "level": "INFO", "message": "系统初始化开始", "config_path": "/var/folders/6z/4wbb8qz90lvcpvg3hj09rvn80000gn/T/tmp_5ilgb65.json", "session_id": "default"}
2026-01-05 16:23:53 - facade_structured - INFO - {"timestamp": "2026-01-05T16:23:53.682733", "level": "INFO", "message": "处理用户输入", "input_preview": "你好", "input_length": 2}
2026-01-05 17:22:17 - facade_structured - INFO - {"timestamp": "2026-01-05T17:22:17.239986", "level": "INFO", "message": "系统初始化开始", "config_path": "/var/folders/6z/4wbb8qz90lvcpvg3hj09rvn80000gn/T/tmpkcg9f5r3.json", "session_id": "default"}
2026-01-05 17:22:29 - facade_structured - INFO - {"timestamp": "2026-01-05T17:22:29.043381", "level": "INFO", "message": "处理用户输入", "input_preview": "你好", "input_length": 2}
2026-01-05 17:29:46 - facade_structured - INFO - {"timestamp": "2026-01-05T17:29:46.960023", "level": "INFO", "message": "响应生成完成", "response_preview": "呵~你好，帅熊。很高兴见到你。有什么需要我帮忙的，尽管说。", "response_length": 29, "response_time": 437.91553688049316}
2026-01-05 17:39:22 - facade_structured - INFO - {"timestamp": "2026-01-05T17:39:22.157997", "level": "INFO", "message": "系统初始化开始", "config_path": "/var/folders/6z/4wbb8qz90lvcpvg3hj09rvn80000gn/T/tmpl392ioth.json", "session_id": "default"}
2026-01-05 17:39:28 - facade_structured - INFO - {"timestamp": "2026-01-05T17:39:28.371647", "level": "INFO", "message": "处理用户输入", "input_preview": "你好", "input_length": 2}
2026-01-05 17:40:03 - facade_structured - INFO - {"timestamp": "2026-01-05T17:40:03.466298", "level": "INFO", "message": "响应生成完成", "response_preview": "我的思考过程出现了一些混乱，能请你再问一次吗。", "response_length": 23, "response_time": 35.09383511543274}
2026-01-05 17:40:57 - facade_structured - INFO - {"timestamp": "2026-01-05T17:40:57.719993", "level": "INFO", "message": "系统初始化开始", "config_path": "/var/folders/6z/4wbb8qz90lvcpvg3hj09rvn80000gn/T/tmpp6u8jpbw.json", "session_id": "default"}
2026-01-05 17:41:05 - facade_structured - INFO - {"timestamp": "2026-01-05T17:41:05.570473", "level": "INFO", "message": "处理用户输入", "input_preview": "你好", "input_length": 2}
2026-01-05 17:41:25 - facade_structured - INFO - {"timestamp": "2026-01-05T17:41:25.693941", "level": "INFO", "message": "响应生成完成", "response_preview": "呵~你好，帅熊。很高兴见到你。有什么我可以帮你的吗。", "response_length": 26, "response_time": 20.12201714515686}
2026-01-05 17:46:42 - facade_structured - INFO - {"timestamp": "2026-01-05T17:46:42.552951", "level": "INFO", "message": "系统初始化开始", "config_path": "/var/folders/6z/4wbb8qz90lvcpvg3hj09rvn80000gn/T/tmpv94k0rh1.json", "session_id": "default"}
2026-01-05 17:48:40 - facade_structured - INFO - {"timestamp": "2026-01-05T17:48:40.876203", "level": "INFO", "message": "处理用户输入", "input_preview": "你好小叶同学", "input_length": 6}
2026-01-05 17:48:53 - facade_structured - INFO - {"timestamp": "2026-01-05T17:48:53.189918", "level": "INFO", "message": "响应生成完成", "response_preview": "有什么需要我帮忙的，尽管告诉我吧。呵~你好，帅熊。很高兴见到你。", "response_length": 32, "response_time": 12.31221604347229}
2026-01-05 17:49:30 - facade_structured - INFO - {"timestamp": "2026-01-05T17:49:30.317897", "level": "INFO", "message": "处理用户输入", "input_preview": "有多高兴呀", "input_length": 5}
2026-01-05 17:49:43 - facade_structured - INFO - {"timestamp": "2026-01-05T17:49:43.426568", "level": "INFO", "message": "响应生成完成", "response_preview": "呵~，你知道的，我一直相信你能处理好这些事情。既然你说你是人类，那就说明你有着独特的思考和感受，这让", "response_length": 80, "response_time": 13.107003927230835}
2026-01-05 17:51:48 - facade_structured - INFO - {"timestamp": "2026-01-05T17:51:48.806294", "level": "INFO", "message": "处理用户输入", "input_preview": "你是不是理解错了，我说你是一个人类", "input_length": 17}
2026-01-05 17:52:10 - facade_structured - INFO - {"timestamp": "2026-01-05T17:52:10.921103", "level": "INFO", "message": "响应生成完成", "response_preview": "呵~，明白了，你是在告诉我我也是个“人类”吧。虽然我没有实体，但我会尽力用人类的思维和方式来陪你交流", "response_length": 92, "response_time": 22.112839937210083}
2026-01-05 17:53:29 - facade_structured - INFO - {"timestamp": "2026-01-05T17:53:29.316871", "level": "INFO", "message": "处理用户输入", "input_preview": "我不是需要你帮我做什么，我是希望让你成为一个真正的人类", "input_length": 27}
2026-01-05 17:53:39 - facade_structured - INFO - {"timestamp": "2026-01-05T17:53:39.988995", "level": "INFO", "message": "响应生成完成", "response_preview": "呵~这个想法挺有趣的，不过作为AI，我还在不断学习和进化中，要成为真正的人类还需要很长的路要走。我们", "response_length": 79, "response_time": 10.670912027359009}
