2025-12-27 21:49:08 - facade_structured - INFO - {"timestamp": "2025-12-27T21:49:08.240840", "level": "INFO", "message": "系统初始化开始", "config_path": null, "session_id": "default"}
2025-12-27 21:49:19 - facade_structured - INFO - {"timestamp": "2025-12-27T21:49:19.325710", "level": "INFO", "message": "处理用户输入", "input_preview": "你是谁", "input_length": 3}
2025-12-27 21:49:31 - facade_structured - INFO - {"timestamp": "2025-12-27T21:49:31.788378", "level": "INFO", "message": "响应生成完成", "response_preview": "关于这个问题，我的分析是：{strategy}。你怎么看？", "response_length": 29, "response_time": 12.46216607093811}
2025-12-27 21:55:12 - facade_structured - INFO - {"timestamp": "2025-12-27T21:55:12.087219", "level": "INFO", "message": "系统初始化开始", "config_path": "/var/folders/6z/4wbb8qz90lvcpvg3hj09rvn80000gn/T/tmp3t2dx4i2.json", "session_id": "default"}
2025-12-27 21:56:46 - facade_structured - INFO - {"timestamp": "2025-12-27T21:56:46.312704", "level": "INFO", "message": "系统初始化开始", "config_path": "/var/folders/6z/4wbb8qz90lvcpvg3hj09rvn80000gn/T/tmpd0n9veae.json", "session_id": "default"}
2025-12-27 21:56:52 - facade_structured - INFO - {"timestamp": "2025-12-27T21:56:52.120393", "level": "INFO", "message": "系统初始化开始", "config_path": "/var/folders/6z/4wbb8qz90lvcpvg3hj09rvn80000gn/T/tmpbbdrvnwj.json", "session_id": "default"}
2025-12-27 21:57:01 - facade_structured - INFO - {"timestamp": "2025-12-27T21:57:01.804746", "level": "INFO", "message": "处理用户输入", "input_preview": "你是谁", "input_length": 3}
2025-12-27 21:57:09 - facade_structured - INFO - {"timestamp": "2025-12-27T21:57:09.583336", "level": "INFO", "message": "响应生成完成", "response_preview": "关于这个问题，我的分析是：{strategy}。你怎么看？", "response_length": 29, "response_time": 7.778095006942749}
2025-12-27 21:59:50 - facade_structured - INFO - {"timestamp": "2025-12-27T21:59:50.854373", "level": "INFO", "message": "系统初始化开始", "config_path": "/var/folders/6z/4wbb8qz90lvcpvg3hj09rvn80000gn/T/tmps6nwxwe2.json", "session_id": "default"}
2025-12-27 22:00:09 - facade_structured - INFO - {"timestamp": "2025-12-27T22:00:09.512589", "level": "INFO", "message": "处理用户输入", "input_preview": "你是谁", "input_length": 3}
2025-12-27 22:02:34 - facade_structured - INFO - {"timestamp": "2025-12-27T22:02:34.726553", "level": "INFO", "message": "响应生成完成", "response_preview": "从我的角度考虑，建议：{strategy}。", "response_length": 22, "response_time": 145.21082091331482}
2025-12-27 22:02:45 - facade_structured - INFO - {"timestamp": "2025-12-27T22:02:45.165768", "level": "INFO", "message": "系统初始化开始", "config_path": "/var/folders/6z/4wbb8qz90lvcpvg3hj09rvn80000gn/T/tmpjl73rvow.json", "session_id": "default"}
2025-12-27 22:02:54 - facade_structured - INFO - {"timestamp": "2025-12-27T22:02:54.065820", "level": "INFO", "message": "处理用户输入", "input_preview": "你是谁", "input_length": 3}
2025-12-27 22:21:32 - facade_structured - INFO - {"timestamp": "2025-12-27T22:21:32.078374", "level": "INFO", "message": "系统初始化开始", "config_path": "/var/folders/6z/4wbb8qz90lvcpvg3hj09rvn80000gn/T/tmp8owwexmi.json", "session_id": "default"}
2025-12-27 22:21:51 - facade_structured - INFO - {"timestamp": "2025-12-27T22:21:51.686085", "level": "INFO", "message": "处理用户输入", "input_preview": "你是谁", "input_length": 3}
2025-12-27 22:22:10 - facade_structured - INFO - {"timestamp": "2025-12-27T22:22:10.716819", "level": "INFO", "message": "响应生成完成", "response_preview": "从我的角度考虑，建议：{strategy}。", "response_length": 22, "response_time": 19.029085874557495}
2025-12-27 22:27:25 - facade_structured - INFO - {"timestamp": "2025-12-27T22:27:25.543386", "level": "INFO", "message": "处理用户输入", "input_preview": "你是谁", "input_length": 3}
2025-12-27 22:30:52 - facade_structured - INFO - {"timestamp": "2025-12-27T22:30:52.559232", "level": "INFO", "message": "响应生成完成", "response_preview": "从我的角度考虑，建议：{strategy}。", "response_length": 22, "response_time": 207.01461696624756}
2025-12-27 22:30:56 - facade_structured - INFO - {"timestamp": "2025-12-27T22:30:56.058510", "level": "INFO", "message": "处理用户输入", "input_preview": "你是谁", "input_length": 3}
2025-12-27 22:36:21 - facade_structured - INFO - {"timestamp": "2025-12-27T22:36:21.724059", "level": "INFO", "message": "响应生成完成", "response_preview": "关于这个问题，我的分析是：{strategy}。你怎么看？", "response_length": 29, "response_time": 325.6650471687317}
2025-12-27 22:36:40 - facade_structured - INFO - {"timestamp": "2025-12-27T22:36:40.423829", "level": "INFO", "message": "处理用户输入", "input_preview": "你是谁", "input_length": 3}
2025-12-27 22:52:48 - facade_structured - INFO - {"timestamp": "2025-12-27T22:52:48.379418", "level": "INFO", "message": "系统初始化开始", "config_path": "/var/folders/6z/4wbb8qz90lvcpvg3hj09rvn80000gn/T/tmpq3ufmdt3.json", "session_id": "default"}
2025-12-27 22:53:44 - facade_structured - INFO - {"timestamp": "2025-12-27T22:53:44.944466", "level": "INFO", "message": "系统初始化开始", "config_path": "/var/folders/6z/4wbb8qz90lvcpvg3hj09rvn80000gn/T/tmp7pswel96.json", "session_id": "default"}
2025-12-27 22:54:53 - facade_structured - INFO - {"timestamp": "2025-12-27T22:54:53.813929", "level": "INFO", "message": "系统初始化开始", "config_path": "/var/folders/6z/4wbb8qz90lvcpvg3hj09rvn80000gn/T/tmpq0pdvugm.json", "session_id": "default"}
2025-12-27 22:55:03 - facade_structured - INFO - {"timestamp": "2025-12-27T22:55:03.240419", "level": "INFO", "message": "处理用户输入", "input_preview": "你是谁", "input_length": 3}
2025-12-27 22:55:56 - facade_structured - INFO - {"timestamp": "2025-12-27T22:55:56.755581", "level": "INFO", "message": "响应生成完成", "response_preview": "意识流有点波动，让我重新整理一下思绪。", "response_length": 19, "response_time": 53.514291763305664}
