2025-12-26 21:34:53 - facade - INFO - 自衍体AI系统初始化中...
2025-12-26 21:35:38 - facade - INFO - 自衍体AI系统初始化中...
2025-12-26 21:47:09 - facade - INFO - 自衍体AI系统初始化中...
2025-12-26 21:47:41 - facade - INFO - 自衍体AI系统初始化中...
2025-12-26 21:54:25 - facade - INFO - 自衍体AI系统初始化中...
2025-12-26 21:54:38 - facade - INFO - 自衍体AI系统初始化中...
2025-12-26 21:55:00 - facade - INFO - 自衍体AI系统初始化中...
2025-12-26 21:55:13 - facade - INFO - 自衍体AI系统初始化中...
2025-12-26 21:55:26 - facade - INFO - 自衍体AI系统初始化中...
2025-12-26 22:01:17 - facade - INFO - 自衍体AI系统初始化中...
2025-12-26 22:02:16 - facade - INFO - 自衍体AI系统初始化中...
2025-12-26 22:03:05 - facade - INFO - 自衍体AI系统初始化中...
2025-12-26 22:05:10 - facade - INFO - 自衍体AI系统初始化中...
2025-12-26 22:07:06 - facade - INFO - 自衍体AI系统初始化中...
2025-12-26 22:08:26 - facade - INFO - 自衍体AI系统初始化中...
2025-12-26 22:17:27 - facade - INFO - 自衍体AI系统初始化中...
2025-12-26 22:17:50 - facade - INFO - 自衍体AI系统初始化中...
2025-12-26 22:22:42 - facade - INFO - 自衍体AI系统初始化中...
2025-12-26 22:28:53 - facade - INFO - 自衍体AI系统初始化中...
2025-12-26 22:30:00 - facade - INFO - 自衍体AI系统初始化中...
2025-12-26 22:30:03 - facade - INFO - 自衍体AI系统 v1.0.0 初始化完成
2025-12-26 22:30:03 - facade - INFO - 会话ID: default
2025-12-26 22:30:03 - facade - INFO - 系统模式: standard
2025-12-26 22:30:03 - facade - INFO - 记忆系统: memo0
2025-12-26 22:30:03 - facade - INFO - 认知流程: 标准版
2025-12-26 22:30:28 - facade - INFO - 接收用户输入: 你好...
2025-12-26 22:30:30 - facade - INFO - 响应生成成功，长度: 19, 耗时: 1.884秒
2025-12-26 22:36:29 - facade - INFO - 自衍体AI系统初始化中...
2025-12-26 22:36:33 - facade - INFO - 自衍体AI系统 v1.0.0 初始化完成
2025-12-26 22:36:33 - facade - INFO - 会话ID: default
2025-12-26 22:36:33 - facade - INFO - 系统模式: standard
2025-12-26 22:36:33 - facade - INFO - 记忆系统: memo0
2025-12-26 22:36:33 - facade - INFO - 认知流程: 标准版
2025-12-26 22:36:40 - facade - INFO - 接收用户输入: 你好...
2025-12-26 22:36:42 - facade - INFO - 响应生成成功，长度: 10, 耗时: 2.442秒
2025-12-26 22:36:50 - facade - INFO - 接收用户输入: 你是谁呀...
2025-12-26 22:36:55 - facade - INFO - 响应生成成功，长度: 25, 耗时: 4.992秒
2025-12-26 22:38:21 - facade - INFO - 系统已关闭
2025-12-26 22:45:06 - facade - INFO - 自衍体AI系统初始化中...
2025-12-26 22:45:10 - facade - INFO - 自衍体AI系统 v1.0.0 初始化完成
2025-12-26 22:45:10 - facade - INFO - 会话ID: default
2025-12-26 22:45:10 - facade - INFO - 系统模式: standard
2025-12-26 22:45:10 - facade - INFO - 记忆系统: memo0
2025-12-26 22:45:10 - facade - INFO - 认知流程: 标准版
2025-12-26 22:45:18 - facade - INFO - 接收用户输入: 你是谁...
2025-12-26 22:45:26 - facade - INFO - 响应生成成功，长度: 22, 耗时: 7.640秒
2025-12-26 22:48:01 - facade - INFO - 自衍体AI系统初始化中...
2025-12-26 22:48:05 - facade - INFO - 自衍体AI系统 v1.0.0 初始化完成
2025-12-26 22:48:05 - facade - INFO - 会话ID: default
2025-12-26 22:48:05 - facade - INFO - 系统模式: standard
2025-12-26 22:48:05 - facade - INFO - 记忆系统: memo0
2025-12-26 22:48:05 - facade - INFO - 认知流程: 标准版
2025-12-26 22:48:09 - facade - INFO - 接收用户输入: 你是谁...
2025-12-26 22:48:16 - facade - INFO - 响应生成成功，长度: 29, 耗时: 6.881秒
2025-12-26 22:54:04 - facade - INFO - 自衍体AI系统初始化中...
2025-12-26 22:54:10 - facade - INFO - 自衍体AI系统初始化中...
2025-12-26 22:54:13 - facade - INFO - 自衍体AI系统 v1.0.0 初始化完成
2025-12-26 22:54:13 - facade - INFO - 会话ID: default
2025-12-26 22:54:13 - facade - INFO - 系统模式: standard
2025-12-26 22:54:13 - facade - INFO - 记忆系统: memo0
2025-12-26 22:54:13 - facade - INFO - 认知流程: 标准版
2025-12-26 22:54:17 - facade - INFO - 接收用户输入: 你是谁...
2025-12-26 22:54:25 - facade - INFO - 响应生成成功，长度: 25, 耗时: 7.427秒
2025-12-26 22:55:49 - facade - INFO - 接收用户输入: 你是谁...
2025-12-26 22:55:57 - facade - INFO - 响应生成成功，长度: 25, 耗时: 8.200秒
2025-12-26 22:58:12 - facade - INFO - 自衍体AI系统初始化中...
2025-12-26 22:58:17 - facade - INFO - 自衍体AI系统 v1.0.0 初始化完成
2025-12-26 22:58:17 - facade - INFO - 会话ID: default
2025-12-26 22:58:17 - facade - INFO - 系统模式: standard
2025-12-26 22:58:17 - facade - INFO - 记忆系统: memo0
2025-12-26 22:58:17 - facade - INFO - 认知流程: 标准版
2025-12-26 22:58:53 - facade - INFO - 接收用户输入: 你是谁...
2025-12-26 22:59:06 - facade - INFO - 响应生成成功，长度: 22, 耗时: 12.718秒
2025-12-26 22:59:57 - facade - INFO - 自衍体AI系统初始化中...
2025-12-26 23:00:00 - facade - INFO - 自衍体AI系统 v1.0.0 初始化完成
2025-12-26 23:00:00 - facade - INFO - 会话ID: default
2025-12-26 23:00:00 - facade - INFO - 系统模式: standard
2025-12-26 23:00:00 - facade - INFO - 记忆系统: memo0
2025-12-26 23:00:00 - facade - INFO - 认知流程: 标准版
