2026-01-04 14:42:59 - facade - INFO - 自衍体AI系统初始化中...
2026-01-04 14:43:01 - facade - INFO - 自衍体AI系统 v1.0.0 初始化完成
2026-01-04 14:43:01 - facade - INFO - 会话ID: default
2026-01-04 14:43:01 - facade - INFO - 系统模式: standard
2026-01-04 14:43:01 - facade - INFO - 记忆系统: memo0
2026-01-04 14:43:01 - facade - INFO - 认知流程: 标准版
2026-01-04 14:44:44 - facade - INFO - 接收用户输入: 你好,你是誰?...
2026-01-04 14:44:49 - facade - INFO - 响应生成成功，长度: 58, 耗时: 5.035秒
2026-01-04 14:45:12 - facade - INFO - 接收用户输入: 请为我查询一下今天的天气...
2026-01-04 14:45:17 - facade - INFO - 响应生成成功，长度: 77, 耗时: 4.826秒
2026-01-04 14:45:59 - facade - INFO - 接收用户输入: 那你能為我做些什麼呢?...
2026-01-04 14:46:04 - facade - INFO - 响应生成成功，长度: 80, 耗时: 4.604秒
2026-01-04 14:46:33 - facade - INFO - 接收用户输入: 你還記得我叫什麼嗎?...
2026-01-04 14:46:40 - facade - INFO - 响应生成成功，长度: 35, 耗时: 6.440秒
2026-01-04 14:47:29 - facade - INFO - 接收用户输入: 我叫帅熊...
2026-01-04 14:47:38 - facade - INFO - 响应生成成功，长度: 29, 耗时: 8.491秒
2026-01-04 14:47:44 - facade - INFO - 接收用户输入: 我叫帅熊...
2026-01-04 14:47:53 - facade - INFO - 响应生成成功，长度: 21, 耗时: 8.499秒
2026-01-04 14:48:10 - facade - INFO - 接收用户输入: 所以你还记得我叫什么吗?...
2026-01-04 14:48:14 - facade - INFO - 响应生成成功，长度: 26, 耗时: 4.127秒
2026-01-04 14:48:51 - facade - INFO - 接收用户输入: 我告訴你我的名字,我叫帥熊...
2026-01-04 14:49:00 - facade - INFO - 响应生成成功，长度: 29, 耗时: 9.110秒
2026-01-04 14:49:42 - facade - INFO - 接收用户输入: 幫我寫一封郵件吧...
2026-01-04 14:49:47 - facade - INFO - 响应生成成功，长度: 53, 耗时: 4.134秒
2026-01-04 14:51:02 - facade - INFO - 接收用户输入: 你現在還記得我叫什麼嗎?...
2026-01-04 14:51:09 - facade - INFO - 响应生成成功，长度: 42, 耗时: 7.019秒
2026-01-04 14:52:12 - facade - INFO - 接收用户输入: 我明天需要准备一份大模型Prom工程师的面试 我需要你帮我想一些办法...
2026-01-04 14:52:24 - facade - INFO - 响应生成成功，长度: 464, 耗时: 11.689秒
2026-01-04 16:53:50 - facade - INFO - 自衍体AI系统初始化中...
2026-01-04 16:53:53 - facade - INFO - 自衍体AI系统 v1.0.0 初始化完成
2026-01-04 16:53:53 - facade - INFO - 会话ID: default
2026-01-04 16:53:53 - facade - INFO - 系统模式: standard
2026-01-04 16:53:53 - facade - INFO - 记忆系统: memo0
2026-01-04 16:53:53 - facade - INFO - 认知流程: 标准版
2026-01-04 16:54:00 - facade - INFO - 接收用户输入: 你记得我是谁吗...
2026-01-04 16:54:07 - facade - INFO - 响应生成成功，长度: 48, 耗时: 7.966秒
2026-01-04 16:54:20 - facade - INFO - 接收用户输入: 你不记得我的名字了吗...
2026-01-04 16:54:27 - facade - INFO - 响应生成成功，长度: 63, 耗时: 6.893秒
2026-01-04 16:57:48 - facade - INFO - 自衍体AI系统初始化中...
2026-01-04 16:57:50 - facade - INFO - 自衍体AI系统 v1.0.0 初始化完成
2026-01-04 16:57:50 - facade - INFO - 会话ID: default
2026-01-04 16:57:50 - facade - INFO - 系统模式: standard
2026-01-04 16:57:50 - facade - INFO - 记忆系统: memo0
2026-01-04 16:57:50 - facade - INFO - 认知流程: 标准版
2026-01-04 16:58:01 - facade - INFO - 接收用户输入: 你好...
2026-01-04 16:58:06 - facade - INFO - 响应生成成功，长度: 43, 耗时: 5.428秒
2026-01-04 16:59:50 - facade - INFO - 自衍体AI系统初始化中...
2026-01-04 16:59:52 - facade - INFO - 自衍体AI系统 v1.0.0 初始化完成
2026-01-04 16:59:52 - facade - INFO - 会话ID: default
2026-01-04 16:59:52 - facade - INFO - 系统模式: standard
2026-01-04 16:59:52 - facade - INFO - 记忆系统: memo0
2026-01-04 16:59:52 - facade - INFO - 认知流程: 标准版
2026-01-04 17:01:27 - facade - INFO - 接收用户输入: 你好...
2026-01-04 17:03:50 - facade - INFO - 响应生成成功，长度: 14, 耗时: 143.449秒
2026-01-04 17:04:23 - facade - INFO - 接收用户输入: 你还记得我吗...
2026-01-04 17:04:30 - facade - INFO - 响应生成成功，长度: 67, 耗时: 6.522秒
2026-01-04 17:07:34 - facade - INFO - 自衍体AI系统初始化中...
2026-01-04 17:07:36 - facade - INFO - 自衍体AI系统 v1.0.0 初始化完成
2026-01-04 17:07:36 - facade - INFO - 会话ID: default
2026-01-04 17:07:36 - facade - INFO - 系统模式: standard
2026-01-04 17:07:36 - facade - INFO - 记忆系统: memo0
2026-01-04 17:07:36 - facade - INFO - 认知流程: 标准版
2026-01-04 17:08:38 - facade - INFO - 接收用户输入: 你好...
2026-01-04 17:41:34 - facade - INFO - 自衍体AI系统初始化中...
2026-01-04 17:41:37 - facade - INFO - 自衍体AI系统 v1.0.0 初始化完成
2026-01-04 17:41:37 - facade - INFO - 会话ID: default
2026-01-04 17:41:37 - facade - INFO - 系统模式: standard
2026-01-04 17:41:37 - facade - INFO - 记忆系统: memo0
2026-01-04 17:41:37 - facade - INFO - 认知流程: 标准版
2026-01-04 17:42:56 - facade - INFO - 接收用户输入: 你好...
2026-01-04 17:44:03 - facade - INFO - 自衍体AI系统初始化中...
2026-01-04 17:44:06 - facade - INFO - 自衍体AI系统 v1.0.0 初始化完成
2026-01-04 17:44:06 - facade - INFO - 会话ID: default
2026-01-04 17:44:06 - facade - INFO - 系统模式: standard
2026-01-04 17:44:06 - facade - INFO - 记忆系统: memo0
2026-01-04 17:44:06 - facade - INFO - 认知流程: 标准版
2026-01-04 17:44:11 - facade - INFO - 接收用户输入: 你好...
2026-01-04 17:49:35 - facade - INFO - 响应生成成功，长度: 16, 耗时: 323.696秒
2026-01-04 17:49:56 - facade - INFO - 接收用户输入: 我是帅熊，你是谁...
2026-01-04 17:50:14 - facade - INFO - 响应生成成功，长度: 54, 耗时: 18.025秒
2026-01-04 17:50:35 - facade - INFO - 接收用户输入: 不，你是人类...
2026-01-04 17:51:24 - facade - INFO - 响应生成成功，长度: 83, 耗时: 49.714秒
2026-01-04 17:51:36 - facade - INFO - 接收用户输入: 还记得我叫什么吗...
2026-01-04 17:51:50 - facade - INFO - 响应生成成功，长度: 49, 耗时: 14.837秒
