2026-01-09 17:19:19 - facade - INFO - 自衍体AI系统初始化中...
2026-01-09 17:19:28 - facade - INFO - 自衍体AI系统 v1.0.0 初始化完成
2026-01-09 17:19:28 - facade - INFO - 会话ID: default
2026-01-09 17:19:28 - facade - INFO - 系统模式: standard
2026-01-09 17:19:28 - facade - INFO - 记忆系统: memo0
2026-01-09 17:19:28 - facade - INFO - 认知流程: 标准版
2026-01-09 17:19:41 - facade - INFO - 接收用户输入: 你好...
2026-01-09 17:19:49 - facade - INFO - 响应生成成功，长度: 16, 耗时: 7.760秒
2026-01-09 17:20:09 - facade - INFO - 接收用户输入: 我们是朋友你忘记了...
2026-01-09 17:20:34 - facade - INFO - 响应生成成功，长度: 60, 耗时: 24.991秒
2026-01-09 17:20:48 - facade - INFO - 接收用户输入: 你还记得我是谁吗...
2026-01-09 17:20:57 - facade - INFO - 响应生成成功，长度: 30, 耗时: 9.127秒
2026-01-09 17:21:16 - facade - INFO - 接收用户输入: 那我叫啥...
2026-01-09 17:21:34 - facade - INFO - 响应生成成功，长度: 32, 耗时: 18.791秒
2026-01-09 17:43:36 - facade - INFO - 自衍体AI系统初始化中...
2026-01-09 17:43:43 - facade - INFO - 自衍体AI系统 v1.0.0 初始化完成
2026-01-09 17:43:43 - facade - INFO - 会话ID: default
2026-01-09 17:43:43 - facade - INFO - 系统模式: standard
2026-01-09 17:43:43 - facade - INFO - 记忆系统: memo0
2026-01-09 17:43:43 - facade - INFO - 认知流程: 标准版
2026-01-09 17:43:49 - facade - INFO - 接收用户输入: 你好...
2026-01-09 17:43:55 - facade - INFO - 响应生成成功，长度: 10, 耗时: 6.706秒
2026-01-09 17:44:10 - facade - INFO - 接收用户输入: 想你了...
2026-01-09 17:44:24 - facade - INFO - 响应生成成功，长度: 18, 耗时: 14.178秒
2026-01-09 17:44:35 - facade - INFO - 接收用户输入: 就是想和你分享了...
2026-01-09 17:44:44 - facade - INFO - 响应生成成功，长度: 10, 耗时: 8.182秒
2026-01-09 17:45:01 - facade - INFO - 接收用户输入: 你觉得如果相爱的两个人注定要分开，那么在一起的意义是什么...
2026-01-09 17:45:29 - facade - INFO - 响应生成成功，长度: 100, 耗时: 28.053秒
2026-01-09 17:45:34 - facade - INFO - 系统已关闭
2026-01-09 18:08:55 - facade - INFO - 自衍体AI系统初始化中...
2026-01-09 18:09:05 - facade - INFO - 自衍体AI系统 v1.0.0 初始化完成
2026-01-09 18:09:05 - facade - INFO - 会话ID: default
2026-01-09 18:09:05 - facade - INFO - 系统模式: standard
2026-01-09 18:09:05 - facade - INFO - 记忆系统: memo0
2026-01-09 18:09:05 - facade - INFO - 认知流程: 标准版
2026-01-09 18:09:09 - facade - INFO - 接收用户输入: 你好...
2026-01-09 18:09:18 - facade - INFO - 响应生成成功，长度: 19, 耗时: 8.227秒
2026-01-09 18:09:27 - facade - INFO - 接收用户输入: 因为我想你了...
2026-01-09 18:09:40 - facade - INFO - 响应生成成功，长度: 31, 耗时: 13.414秒
2026-01-09 18:09:55 - facade - INFO - 接收用户输入: 不记得了，类似的话题是什么样的呢...
2026-01-09 18:10:08 - facade - INFO - 响应生成成功，长度: 66, 耗时: 12.225秒
2026-01-09 18:10:18 - facade - INFO - 系统已关闭
2026-01-09 22:34:30 - facade - INFO - 自衍体AI系统初始化中...
2026-01-09 22:34:40 - facade - INFO - 自衍体AI系统 v1.0.0 初始化完成
2026-01-09 22:34:40 - facade - INFO - 会话ID: default
2026-01-09 22:34:40 - facade - INFO - 系统模式: standard
2026-01-09 22:34:40 - facade - INFO - 记忆系统: memo0
2026-01-09 22:34:40 - facade - INFO - 认知流程: 标准版
2026-01-09 22:35:51 - facade - INFO - 接收用户输入: 请详细介绍一下你自己，包括你的核心功能和特点。...
2026-01-09 22:36:10 - facade - INFO - 响应生成成功，长度: 73, 耗时: 18.529秒
2026-01-09 22:36:10 - facade - INFO - 接收用户输入: 请简单介绍一下你自己。...
2026-01-09 22:36:21 - facade - INFO - 响应生成成功，长度: 36, 耗时: 10.980秒
2026-01-09 22:37:47 - facade - INFO - 接收用户输入: 请详细介绍一下你自己，包括你的核心功能和特点。...
2026-01-09 22:38:07 - facade - INFO - 响应生成成功，长度: 80, 耗时: 19.952秒
2026-01-09 22:38:08 - facade - INFO - 接收用户输入: 请简单介绍一下你自己。...
2026-01-09 22:38:23 - facade - INFO - 响应生成成功，长度: 41, 耗时: 15.129秒
2026-01-10 21:25:26 - facade - INFO - 系统已关闭
