2025-12-27 21:49:14 - ZyantineCore - INFO - 核心组件加载完成，组件列表: core_identity, memory_manager, internal_state_dashboard, meta_cognition, expression_validator, length_regulator, fact_checker, protocol_engine, cognitive_flow
2025-12-27 21:49:14 - ZyantineCore - INFO - 系统核心初始化完成，会话ID: default
2025-12-27 21:49:19 - ZyantineCore - INFO - 开始处理用户输入: 你是谁...
2025-12-27 21:49:21 - ZyantineCore - INFO - 开始处理: 你是谁...
2025-12-27 21:49:25 - ZyantineCore - WARNING - 欲望引擎不可用，跳过此阶段
2025-12-27 21:49:27 - ZyantineCore - WARNING - 辩证成长组件不可用，跳过此阶段
2025-12-27 21:49:31 - ZyantineCore - INFO - 处理完成，响应长度: 29
2025-12-27 21:49:31 - ZyantineCore - INFO - 处理成功，响应长度: 29
2025-12-27 21:56:55 - ZyantineCore - INFO - 核心组件加载完成，组件列表: core_identity, memory_manager, internal_state_dashboard, meta_cognition, expression_validator, length_regulator, fact_checker, protocol_engine, cognitive_flow
2025-12-27 21:56:55 - ZyantineCore - INFO - 系统核心初始化完成，会话ID: default
2025-12-27 21:57:01 - ZyantineCore - INFO - 开始处理用户输入: 你是谁...
2025-12-27 21:57:03 - ZyantineCore - INFO - 开始处理: 你是谁...
2025-12-27 21:57:06 - ZyantineCore - WARNING - 欲望引擎不可用，跳过此阶段
2025-12-27 21:57:07 - ZyantineCore - WARNING - 辩证成长组件不可用，跳过此阶段
2025-12-27 21:57:09 - ZyantineCore - INFO - 处理完成，响应长度: 29
2025-12-27 21:57:09 - ZyantineCore - INFO - 处理成功，响应长度: 29
2025-12-27 21:59:55 - ZyantineCore - INFO - 核心组件加载完成，组件列表: core_identity, memory_manager, internal_state_dashboard, meta_cognition, expression_validator, length_regulator, fact_checker, protocol_engine, cognitive_flow
2025-12-27 21:59:55 - ZyantineCore - INFO - 系统核心初始化完成，会话ID: default
2025-12-27 22:00:36 - ZyantineCore - INFO - 开始处理用户输入: 你是谁...
2025-12-27 22:00:38 - ZyantineCore - INFO - 开始处理: 你是谁...
2025-12-27 22:00:40 - ZyantineCore - WARNING - 欲望引擎不可用，跳过此阶段
2025-12-27 22:00:42 - ZyantineCore - WARNING - 辩证成长组件不可用，跳过此阶段
2025-12-27 22:00:45 - ZyantineCore - INFO - 处理完成，响应长度: 22
2025-12-27 22:00:45 - ZyantineCore - INFO - 处理成功，响应长度: 22
2025-12-27 22:02:51 - ZyantineCore - INFO - 核心组件加载完成，组件列表: core_identity, memory_manager, internal_state_dashboard, meta_cognition, expression_validator, length_regulator, fact_checker, protocol_engine, cognitive_flow
2025-12-27 22:02:51 - ZyantineCore - INFO - 系统核心初始化完成，会话ID: default
2025-12-27 22:03:02 - ZyantineCore - INFO - 开始处理用户输入: 你是谁...
2025-12-27 22:04:13 - ZyantineCore - INFO - 开始处理: 你是谁...
2025-12-27 22:06:08 - ZyantineCore - WARNING - 欲望引擎不可用，跳过此阶段
2025-12-27 22:21:35 - ZyantineCore - INFO - 核心组件加载完成，组件列表: core_identity, memory_manager, internal_state_dashboard, meta_cognition, expression_validator, length_regulator, fact_checker, protocol_engine, cognitive_flow
2025-12-27 22:21:35 - ZyantineCore - INFO - 系统核心初始化完成，会话ID: default
2025-12-27 22:21:58 - ZyantineCore - INFO - 开始处理用户输入: 你是谁...
2025-12-27 22:22:04 - ZyantineCore - INFO - 开始处理: 你是谁...
2025-12-27 22:22:06 - ZyantineCore - WARNING - 欲望引擎不可用，跳过此阶段
2025-12-27 22:22:07 - ZyantineCore - WARNING - 辩证成长组件不可用，跳过此阶段
2025-12-27 22:22:10 - ZyantineCore - INFO - 处理完成，响应长度: 22
2025-12-27 22:22:10 - ZyantineCore - INFO - 处理成功，响应长度: 22
2025-12-27 22:27:31 - ZyantineCore - INFO - 开始处理用户输入: 你是谁...
2025-12-27 22:27:45 - ZyantineCore - INFO - 开始处理: 你是谁...
2025-12-27 22:27:50 - ZyantineCore - WARNING - 欲望引擎不可用，跳过此阶段
2025-12-27 22:27:52 - ZyantineCore - WARNING - 辩证成长组件不可用，跳过此阶段
2025-12-27 22:27:53 - ZyantineCore - INFO - 处理完成，响应长度: 22
2025-12-27 22:30:52 - ZyantineCore - INFO - 处理成功，响应长度: 22
2025-12-27 22:30:56 - ZyantineCore - INFO - 开始处理用户输入: 你是谁...
2025-12-27 22:31:22 - ZyantineCore - INFO - 开始处理: 你是谁...
2025-12-27 22:33:50 - ZyantineCore - WARNING - 欲望引擎不可用，跳过此阶段
2025-12-27 22:34:15 - ZyantineCore - WARNING - 辩证成长组件不可用，跳过此阶段
2025-12-27 22:36:21 - ZyantineCore - INFO - 处理完成，响应长度: 29
2025-12-27 22:36:21 - ZyantineCore - INFO - 处理成功，响应长度: 29
2025-12-27 22:36:40 - ZyantineCore - INFO - 开始处理用户输入: 你是谁...
2025-12-27 22:37:00 - ZyantineCore - INFO - 开始处理: 你是谁...
2025-12-27 22:37:03 - ZyantineCore - WARNING - 欲望引擎不可用，跳过此阶段
2025-12-27 22:37:05 - ZyantineCore - WARNING - 辩证成长组件不可用，跳过此阶段
2025-12-27 22:55:01 - ZyantineCore - INFO - 系统核心初始化完成，会话ID: default
2025-12-27 22:55:03 - ZyantineCore - INFO - 开始处理用户输入: 你是谁...
2025-12-27 22:55:10 - ZyantineCore - INFO - 开始处理: 你是谁...
2025-12-27 22:55:13 - ZyantineCore - ERROR - 欲望更新失败: 'DesireEngine' object has no attribute 'update'
2025-12-27 22:55:15 - ZyantineCore - ERROR - 辩证成长失败: 'DialecticalGrowth' object has no attribute 'process'
2025-12-27 22:55:54 - ZyantineCore - ERROR - 回复生成失败: 'APIBasedReplyGenerator' object has no attribute 'generate_reply_with_memory'
2025-12-27 22:55:54 - ZyantineCore - ERROR - 没有可审查的回复
2025-12-27 22:55:56 - ZyantineCore - INFO - 处理完成，响应长度: 0
2025-12-27 22:55:56 - ZyantineCore - ERROR - 生成错误响应: 没有可审查的回复
2025-12-27 22:55:56 - ZyantineCore - ERROR - 处理失败，使用错误响应: ["欲望更新失败: 'DesireEngine' object has no attribute 'update'", "辩证成长失败: 'DialecticalGrowth' object has no attribute 'process'", "回复生成失败: 'APIBasedReplyGenerator' object has no attribute 'generate_reply_with_memory'", '没有可审查的回复']
