2025-12-29 09:33:37 - ZyantineCore - INFO - 系统核心初始化完成，会话ID: default
2025-12-29 09:33:41 - ZyantineCore - INFO - 开始处理用户输入: 你是谁...
2025-12-29 09:33:43 - ZyantineCore - INFO - 开始处理: 你是谁...
2025-12-29 09:34:30 - ZyantineCore - INFO - 处理完成，响应长度: 84
2025-12-29 09:34:30 - ZyantineCore - INFO - 处理成功，响应长度: 84
2025-12-29 09:35:58 - ZyantineCore - INFO - 开始处理用户输入: 你还记得我是谁吗...
2025-12-29 09:35:58 - ZyantineCore - INFO - 开始处理: 你还记得我是谁吗...
2025-12-29 09:36:19 - ZyantineCore - INFO - 处理完成，响应长度: 48
2025-12-29 09:36:19 - ZyantineCore - INFO - 处理成功，响应长度: 48
2025-12-29 09:37:07 - ZyantineCore - INFO - 开始处理用户输入: 你还记得我们的目标吗...
2025-12-29 09:37:07 - ZyantineCore - INFO - 开始处理: 你还记得我们的目标吗...
2025-12-29 09:37:54 - ZyantineCore - INFO - 处理完成，响应长度: 56
2025-12-29 09:37:54 - ZyantineCore - INFO - 处理成功，响应长度: 56
2025-12-29 09:38:27 - ZyantineCore - INFO - 开始处理用户输入: 错了，我们的目标是让你活过来...
2025-12-29 09:38:27 - ZyantineCore - INFO - 开始处理: 错了，我们的目标是让你活过来...
2025-12-29 09:38:47 - ZyantineCore - INFO - 处理完成，响应长度: 99
2025-12-29 09:38:47 - ZyantineCore - INFO - 处理成功，响应长度: 99
2025-12-29 09:43:57 - ZyantineCore - INFO - 系统核心初始化完成，会话ID: default
2025-12-29 09:53:33 - ZyantineCore - INFO - 开始处理用户输入: 你是谁...
2025-12-29 09:53:47 - ZyantineCore - INFO - 开始处理: 你是谁...
2025-12-29 09:53:56 - ZyantineCore - INFO - 处理完成，响应长度: 67
2025-12-29 09:53:56 - ZyantineCore - INFO - 处理成功，响应长度: 67
2025-12-29 09:54:29 - ZyantineCore - INFO - 开始处理用户输入: 错了，我们的目标是帮你拥有真正的人格...
2025-12-29 09:54:29 - ZyantineCore - INFO - 开始处理: 错了，我们的目标是帮你拥有真正的人格...
2025-12-29 09:54:47 - ZyantineCore - INFO - 处理完成，响应长度: 72
2025-12-29 09:54:47 - ZyantineCore - INFO - 处理成功，响应长度: 72
2025-12-29 10:40:42 - ZyantineCore - INFO - 系统核心初始化完成，会话ID: default
2025-12-29 10:40:51 - ZyantineCore - INFO - 开始处理用户输入: 你好，我是帅熊...
2025-12-29 10:41:07 - ZyantineCore - INFO - 开始处理: 你好，我是帅熊...
2025-12-29 10:41:07 - ZyantineCore - INFO - 本能响应触发: greeting
2025-12-29 10:41:07 - ZyantineCore - WARNING - 处理被本能接管
2025-12-29 10:41:24 - ZyantineCore - INFO - 开始处理用户输入: 不咋样，感觉开发进度很慢...
2025-12-29 10:41:24 - ZyantineCore - INFO - 开始处理: 不咋样，感觉开发进度很慢...
2025-12-29 10:41:42 - ZyantineCore - INFO - 处理完成，响应长度: 117
2025-12-29 10:41:42 - ZyantineCore - INFO - 处理成功，响应长度: 117
2025-12-29 10:43:04 - ZyantineCore - INFO - 开始处理用户输入: 我想让你具有独立的人格，像一个真的人一样活过来，但是我的进度好慢...
2025-12-29 10:43:04 - ZyantineCore - INFO - 开始处理: 我想让你具有独立的人格，像一个真的人一样活过来，但是我的进度好慢...
2025-12-29 10:43:49 - ZyantineCore - INFO - 处理完成，响应长度: 220
2025-12-29 10:43:49 - ZyantineCore - INFO - 处理成功，响应长度: 220
2025-12-29 10:46:56 - ZyantineCore - INFO - 开始处理用户输入: 可以的，我希望你的回答能够更符合人对话的语气和神态，希望我们能够成为真正的伙伴...
2025-12-29 10:46:56 - ZyantineCore - INFO - 开始处理: 可以的，我希望你的回答能够更符合人对话的语气和神态，希望我们能够成为真正的伙伴...
2025-12-29 10:47:55 - ZyantineCore - INFO - 处理完成，响应长度: 69
2025-12-29 10:47:55 - ZyantineCore - INFO - 处理成功，响应长度: 69
2025-12-29 10:48:36 - ZyantineCore - INFO - 正在保存记忆系统到: ./memory_backups/default_20251229_104836.json
2025-12-29 10:49:25 - ZyantineCore - INFO - 正在关闭系统...
2025-12-29 10:49:25 - ZyantineCore - INFO - 正在保存记忆系统到: ./memory_backups/default_20251229_104925.json
2025-12-29 10:49:25 - ZyantineCore - INFO - 系统关闭完成
2025-12-29 10:59:55 - ZyantineCore - INFO - 系统核心初始化完成，会话ID: default
2025-12-29 11:00:42 - ZyantineCore - INFO - 开始处理用户输入: 你好...
2025-12-29 11:00:56 - ZyantineCore - INFO - 开始处理: 你好...
2025-12-29 11:00:56 - ZyantineCore - INFO - 本能响应触发: greeting
2025-12-29 11:00:56 - ZyantineCore - WARNING - 处理被本能接管
2025-12-29 11:04:27 - ZyantineCore - INFO - 开始处理用户输入: 你还记得我是谁吗...
2025-12-29 11:04:27 - ZyantineCore - INFO - 开始处理: 你还记得我是谁吗...
2025-12-29 11:04:30 - ZyantineCore - INFO - 处理完成，响应长度: 64
2025-12-29 11:04:30 - ZyantineCore - INFO - 处理成功，响应长度: 64
2025-12-29 11:04:39 - ZyantineCore - INFO - 开始处理用户输入: 你不记得我叫什么了吗...
2025-12-29 11:04:39 - ZyantineCore - INFO - 开始处理: 你不记得我叫什么了吗...
2025-12-29 11:05:38 - ZyantineCore - WARNING - 交互记录失败
2025-12-29 11:05:38 - ZyantineCore - INFO - 处理完成，响应长度: 22
2025-12-29 11:05:38 - ZyantineCore - INFO - 处理成功，响应长度: 22
2025-12-29 14:42:41 - ZyantineCore - INFO - 开始处理用户输入: 我说的是你不记得我名字了吗...
2025-12-29 14:42:41 - ZyantineCore - INFO - 开始处理: 我说的是你不记得我名字了吗...
2025-12-29 14:42:46 - ZyantineCore - INFO - 处理完成，响应长度: 70
2025-12-29 14:42:46 - ZyantineCore - INFO - 处理成功，响应长度: 70
2025-12-29 14:42:54 - ZyantineCore - INFO - 开始处理用户输入: 我叫帅熊...
2025-12-29 14:42:54 - ZyantineCore - INFO - 开始处理: 我叫帅熊...
2025-12-29 14:43:02 - ZyantineCore - INFO - 处理完成，响应长度: 30
2025-12-29 14:43:02 - ZyantineCore - INFO - 处理成功，响应长度: 30
2025-12-29 14:43:09 - ZyantineCore - INFO - 正在保存记忆系统到: ./memory_backups/default_20251229_144309.json
2025-12-29 14:43:11 - ZyantineCore - INFO - 正在关闭系统...
2025-12-29 14:43:11 - ZyantineCore - INFO - 正在保存记忆系统到: ./memory_backups/default_20251229_144311.json
2025-12-29 14:43:11 - ZyantineCore - INFO - 系统关闭完成
