2026-01-06 11:08:24 - facade - INFO - 自衍体AI系统初始化中...
2026-01-06 11:08:27 - facade - INFO - 自衍体AI系统 v1.0.0 初始化完成
2026-01-06 11:08:27 - facade - INFO - 会话ID: default
2026-01-06 11:08:27 - facade - INFO - 系统模式: standard
2026-01-06 11:08:27 - facade - INFO - 记忆系统: memo0
2026-01-06 11:08:27 - facade - INFO - 认知流程: 标准版
2026-01-06 11:08:59 - facade - INFO - 接收用户输入: 你好...
2026-01-06 11:09:08 - facade - INFO - 响应生成成功，长度: 22, 耗时: 8.858秒
2026-01-06 11:10:06 - facade - INFO - 系统已关闭
2026-01-06 11:11:05 - facade - INFO - 自衍体AI系统初始化中...
2026-01-06 11:11:12 - facade - INFO - 自衍体AI系统 v1.0.0 初始化完成
2026-01-06 11:11:12 - facade - INFO - 会话ID: test
2026-01-06 11:11:12 - facade - INFO - 系统模式: standard
2026-01-06 11:11:12 - facade - INFO - 记忆系统: memo0
2026-01-06 11:11:12 - facade - INFO - 认知流程: 标准版
2026-01-06 20:44:55 - facade - INFO - 自衍体AI系统初始化中...
2026-01-06 20:44:58 - facade - INFO - 自衍体AI系统 v1.0.0 初始化完成
2026-01-06 20:44:58 - facade - INFO - 会话ID: default
2026-01-06 20:44:58 - facade - INFO - 系统模式: standard
2026-01-06 20:44:58 - facade - INFO - 记忆系统: memo0
2026-01-06 20:44:58 - facade - INFO - 认知流程: 标准版
2026-01-06 20:45:00 - facade - INFO - 接收用户输入: 你好...
2026-01-06 20:47:39 - facade - INFO - 自衍体AI系统初始化中...
2026-01-06 20:47:43 - facade - INFO - 自衍体AI系统 v1.0.0 初始化完成
2026-01-06 20:47:43 - facade - INFO - 会话ID: default
2026-01-06 20:47:43 - facade - INFO - 系统模式: standard
2026-01-06 20:47:43 - facade - INFO - 记忆系统: memo0
2026-01-06 20:47:43 - facade - INFO - 认知流程: 标准版
2026-01-06 20:47:45 - facade - INFO - 接收用户输入: 你好...
2026-01-06 20:48:06 - facade - INFO - 响应生成成功，长度: 21, 耗时: 20.837秒
2026-01-06 22:02:53 - facade - INFO - 自衍体AI系统初始化中...
2026-01-06 22:02:56 - facade - INFO - 自衍体AI系统 v1.0.0 初始化完成
2026-01-06 22:02:56 - facade - INFO - 会话ID: default
2026-01-06 22:02:56 - facade - INFO - 系统模式: standard
2026-01-06 22:02:56 - facade - INFO - 记忆系统: memo0
2026-01-06 22:02:56 - facade - INFO - 认知流程: 标准版
2026-01-06 22:02:59 - facade - INFO - 接收用户输入: 你好...
2026-01-06 22:03:16 - facade - INFO - 响应生成成功，长度: 18, 耗时: 17.645秒
2026-01-06 22:03:19 - facade - INFO - 系统已关闭
2026-01-06 23:05:55 - facade - INFO - 自衍体AI系统初始化中...
2026-01-06 23:05:58 - facade - INFO - 自衍体AI系统 v1.0.0 初始化完成
2026-01-06 23:05:58 - facade - INFO - 会话ID: default
2026-01-06 23:05:58 - facade - INFO - 系统模式: standard
2026-01-06 23:05:58 - facade - INFO - 记忆系统: memo0
2026-01-06 23:05:58 - facade - INFO - 认知流程: 标准版
2026-01-06 23:06:03 - facade - INFO - 接收用户输入: 你好...
2026-01-06 23:06:13 - facade - INFO - 响应生成成功，长度: 20, 耗时: 9.985秒
2026-01-08 09:46:23 - facade - INFO - 接收用户输入: 你好...
2026-01-08 09:52:47 - facade - INFO - 响应生成成功，长度: 23, 耗时: 384.144秒
2026-01-08 09:52:52 - facade - INFO - 接收用户输入: 你好...
