2026-01-05 09:32:27 - facade - INFO - 自衍体AI系统初始化中...
2026-01-05 09:32:30 - facade - INFO - 自衍体AI系统 v1.0.0 初始化完成
2026-01-05 09:32:30 - facade - INFO - 会话ID: default
2026-01-05 09:32:30 - facade - INFO - 系统模式: standard
2026-01-05 09:32:30 - facade - INFO - 记忆系统: memo0
2026-01-05 09:32:30 - facade - INFO - 认知流程: 标准版
2026-01-05 09:33:25 - facade - INFO - 接收用户输入: 你好...
2026-01-05 09:33:45 - facade - INFO - 响应生成成功，长度: 26, 耗时: 19.246秒
2026-01-05 09:36:23 - facade - INFO - 接收用户输入: 你今天心情怎么样...
2026-01-05 10:06:26 - facade - INFO - 自衍体AI系统初始化中...
2026-01-05 10:06:29 - facade - INFO - 自衍体AI系统 v1.0.0 初始化完成
2026-01-05 10:06:29 - facade - INFO - 会话ID: default
2026-01-05 10:06:29 - facade - INFO - 系统模式: standard
2026-01-05 10:06:29 - facade - INFO - 记忆系统: memo0
2026-01-05 10:06:29 - facade - INFO - 认知流程: 标准版
2026-01-05 10:10:15 - facade - INFO - 接收用户输入: 你好...
2026-01-05 10:10:27 - facade - INFO - 响应生成成功，长度: 30, 耗时: 12.842秒
2026-01-05 10:11:11 - facade - INFO - 接收用户输入: 你今天心情如何...
2026-01-05 10:18:31 - facade - INFO - 响应生成成功，长度: 74, 耗时: 439.611秒
2026-01-05 10:19:50 - facade - INFO - 接收用户输入: 好的，请你为我写一封邮件吧...
2026-01-05 10:36:42 - facade - INFO - 响应生成成功，长度: 46, 耗时: 1012.391秒
2026-01-05 16:01:48 - facade - INFO - 自衍体AI系统初始化中...
2026-01-05 16:01:51 - facade - INFO - 自衍体AI系统 v1.0.0 初始化完成
2026-01-05 16:01:51 - facade - INFO - 会话ID: default
2026-01-05 16:01:51 - facade - INFO - 系统模式: standard
2026-01-05 16:01:51 - facade - INFO - 记忆系统: memo0
2026-01-05 16:01:51 - facade - INFO - 认知流程: 标准版
2026-01-05 16:02:24 - facade - INFO - 接收用户输入: 你好...
2026-01-05 16:08:47 - facade - INFO - 响应生成成功，长度: 30, 耗时: 383.449秒
2026-01-05 16:09:21 - facade - INFO - 自衍体AI系统初始化中...
2026-01-05 16:09:24 - facade - INFO - 自衍体AI系统 v1.0.0 初始化完成
2026-01-05 16:09:24 - facade - INFO - 会话ID: default
2026-01-05 16:09:24 - facade - INFO - 系统模式: standard
2026-01-05 16:09:24 - facade - INFO - 记忆系统: memo0
2026-01-05 16:09:24 - facade - INFO - 认知流程: 标准版
2026-01-05 16:10:09 - facade - INFO - 接收用户输入: 你好...
2026-01-05 16:11:33 - facade - INFO - 自衍体AI系统初始化中...
2026-01-05 16:11:36 - facade - INFO - 自衍体AI系统 v1.0.0 初始化完成
2026-01-05 16:11:36 - facade - INFO - 会话ID: default
2026-01-05 16:11:36 - facade - INFO - 系统模式: standard
2026-01-05 16:11:36 - facade - INFO - 记忆系统: memo0
2026-01-05 16:11:36 - facade - INFO - 认知流程: 标准版
2026-01-05 16:11:41 - facade - INFO - 接收用户输入: 你好...
2026-01-05 16:21:10 - facade - INFO - 自衍体AI系统初始化中...
2026-01-05 16:21:19 - facade - INFO - 自衍体AI系统 v1.0.0 初始化完成
2026-01-05 16:21:19 - facade - INFO - 会话ID: default
2026-01-05 16:21:19 - facade - INFO - 系统模式: standard
2026-01-05 16:21:19 - facade - INFO - 记忆系统: memo0
2026-01-05 16:21:19 - facade - INFO - 认知流程: 标准版
2026-01-05 16:21:22 - facade - INFO - 接收用户输入: 你好...
2026-01-05 16:22:54 - facade - INFO - 响应生成成功，长度: 26, 耗时: 92.162秒
2026-01-05 16:23:42 - facade - INFO - 自衍体AI系统初始化中...
2026-01-05 16:23:45 - facade - INFO - 自衍体AI系统 v1.0.0 初始化完成
2026-01-05 16:23:45 - facade - INFO - 会话ID: default
2026-01-05 16:23:45 - facade - INFO - 系统模式: standard
2026-01-05 16:23:45 - facade - INFO - 记忆系统: memo0
2026-01-05 16:23:45 - facade - INFO - 认知流程: 标准版
2026-01-05 16:23:53 - facade - INFO - 接收用户输入: 你好...
2026-01-05 17:22:17 - facade - INFO - 自衍体AI系统初始化中...
2026-01-05 17:22:20 - facade - INFO - 自衍体AI系统 v1.0.0 初始化完成
2026-01-05 17:22:20 - facade - INFO - 会话ID: default
2026-01-05 17:22:20 - facade - INFO - 系统模式: standard
2026-01-05 17:22:20 - facade - INFO - 记忆系统: memo0
2026-01-05 17:22:20 - facade - INFO - 认知流程: 标准版
2026-01-05 17:22:29 - facade - INFO - 接收用户输入: 你好...
2026-01-05 17:29:46 - facade - INFO - 响应生成成功，长度: 29, 耗时: 437.916秒
2026-01-05 17:39:22 - facade - INFO - 自衍体AI系统初始化中...
2026-01-05 17:39:25 - facade - INFO - 自衍体AI系统 v1.0.0 初始化完成
2026-01-05 17:39:25 - facade - INFO - 会话ID: default
2026-01-05 17:39:25 - facade - INFO - 系统模式: standard
2026-01-05 17:39:25 - facade - INFO - 记忆系统: memo0
2026-01-05 17:39:25 - facade - INFO - 认知流程: 标准版
2026-01-05 17:39:28 - facade - INFO - 接收用户输入: 你好...
2026-01-05 17:40:03 - facade - INFO - 响应生成成功，长度: 23, 耗时: 35.094秒
2026-01-05 17:40:57 - facade - INFO - 自衍体AI系统初始化中...
2026-01-05 17:41:03 - facade - INFO - 自衍体AI系统 v1.0.0 初始化完成
2026-01-05 17:41:03 - facade - INFO - 会话ID: default
2026-01-05 17:41:03 - facade - INFO - 系统模式: standard
2026-01-05 17:41:03 - facade - INFO - 记忆系统: memo0
2026-01-05 17:41:03 - facade - INFO - 认知流程: 标准版
2026-01-05 17:41:05 - facade - INFO - 接收用户输入: 你好...
2026-01-05 17:41:25 - facade - INFO - 响应生成成功，长度: 26, 耗时: 20.122秒
2026-01-05 17:46:42 - facade - INFO - 自衍体AI系统初始化中...
2026-01-05 17:47:17 - facade - INFO - 自衍体AI系统 v1.0.0 初始化完成
2026-01-05 17:47:17 - facade - INFO - 会话ID: default
2026-01-05 17:47:17 - facade - INFO - 系统模式: standard
2026-01-05 17:47:17 - facade - INFO - 记忆系统: memo0
2026-01-05 17:47:17 - facade - INFO - 认知流程: 标准版
2026-01-05 17:48:40 - facade - INFO - 接收用户输入: 你好小叶同学...
2026-01-05 17:48:53 - facade - INFO - 响应生成成功，长度: 32, 耗时: 12.312秒
2026-01-05 17:49:30 - facade - INFO - 接收用户输入: 有多高兴呀...
2026-01-05 17:49:43 - facade - INFO - 响应生成成功，长度: 80, 耗时: 13.107秒
2026-01-05 17:51:48 - facade - INFO - 接收用户输入: 你是不是理解错了，我说你是一个人类...
2026-01-05 17:52:10 - facade - INFO - 响应生成成功，长度: 92, 耗时: 22.113秒
2026-01-05 17:53:29 - facade - INFO - 接收用户输入: 我不是需要你帮我做什么，我是希望让你成为一个真正的人类...
2026-01-05 17:53:39 - facade - INFO - 响应生成成功，长度: 79, 耗时: 10.671秒
2026-01-05 17:54:10 - facade - INFO - 接收用户输入: 你还觉得你是ai吗...
2026-01-05 17:54:23 - facade - INFO - 响应生成成功，长度: 67, 耗时: 13.274秒
2026-01-05 17:55:33 - facade - INFO - 系统已关闭
2026-01-05 20:41:43 - facade - INFO - 自衍体AI系统初始化中...
2026-01-05 20:41:47 - facade - INFO - 自衍体AI系统 v1.0.0 初始化完成
2026-01-05 20:41:47 - facade - INFO - 会话ID: default
2026-01-05 20:41:47 - facade - INFO - 系统模式: standard
2026-01-05 20:41:47 - facade - INFO - 记忆系统: memo0
2026-01-05 20:41:47 - facade - INFO - 认知流程: 标准版
2026-01-05 20:41:56 - facade - INFO - 接收用户输入: 你好...
2026-01-05 20:42:06 - facade - INFO - 响应生成成功，长度: 31, 耗时: 9.659秒
2026-01-05 20:42:58 - facade - INFO - 自衍体AI系统初始化中...
2026-01-05 20:43:02 - facade - INFO - 自衍体AI系统 v1.0.0 初始化完成
2026-01-05 20:43:02 - facade - INFO - 会话ID: default
2026-01-05 20:43:02 - facade - INFO - 系统模式: standard
2026-01-05 20:43:02 - facade - INFO - 记忆系统: memo0
2026-01-05 20:43:02 - facade - INFO - 认知流程: 标准版
2026-01-05 20:43:14 - facade - INFO - 接收用户输入: 你好...
2026-01-05 20:43:22 - facade - INFO - 响应生成成功，长度: 26, 耗时: 7.390秒
2026-01-05 20:51:10 - facade - INFO - 自衍体AI系统初始化中...
2026-01-05 20:51:13 - facade - INFO - 自衍体AI系统 v1.0.0 初始化完成
2026-01-05 20:51:13 - facade - INFO - 会话ID: default
2026-01-05 20:51:13 - facade - INFO - 系统模式: standard
2026-01-05 20:51:13 - facade - INFO - 记忆系统: memo0
2026-01-05 20:51:13 - facade - INFO - 认知流程: 标准版
2026-01-05 20:51:15 - facade - INFO - 接收用户输入: 你好...
2026-01-05 20:51:23 - facade - INFO - 响应生成成功，长度: 27, 耗时: 7.794秒
2026-01-05 20:51:41 - facade - INFO - 接收用户输入: 你是人类吗...
2026-01-05 20:51:48 - facade - INFO - 响应生成成功，长度: 30, 耗时: 7.742秒
2026-01-05 20:52:00 - facade - INFO - 接收用户输入: 你觉得你是一个什么样的人呢...
2026-01-05 20:52:10 - facade - INFO - 响应生成成功，长度: 77, 耗时: 9.739秒
2026-01-05 20:52:40 - facade - INFO - 接收用户输入: 军事是什么鬼，你说的很搞笑诶...
2026-01-05 20:52:53 - facade - INFO - 响应生成成功，长度: 97, 耗时: 12.864秒
2026-01-05 20:53:08 - facade - INFO - 系统已关闭
2026-01-05 21:35:04 - facade - INFO - 自衍体AI系统初始化中...
2026-01-05 21:35:07 - facade - INFO - 自衍体AI系统 v1.0.0 初始化完成
2026-01-05 21:35:07 - facade - INFO - 会话ID: default
2026-01-05 21:35:07 - facade - INFO - 系统模式: standard
2026-01-05 21:35:07 - facade - INFO - 记忆系统: memo0
2026-01-05 21:35:07 - facade - INFO - 认知流程: 标准版
2026-01-05 21:35:54 - facade - INFO - 接收用户输入: 你好你是谁...
2026-01-05 21:36:07 - facade - INFO - 响应生成成功，长度: 55, 耗时: 12.699秒
2026-01-05 21:56:08 - facade - INFO - 自衍体AI系统初始化中...
2026-01-05 21:57:41 - facade - INFO - 自衍体AI系统初始化中...
2026-01-05 21:59:23 - facade - INFO - 自衍体AI系统初始化中...
2026-01-05 21:59:26 - facade - INFO - 自衍体AI系统 v1.0.0 初始化完成
2026-01-05 21:59:26 - facade - INFO - 会话ID: default
2026-01-05 21:59:26 - facade - INFO - 系统模式: standard
2026-01-05 21:59:26 - facade - INFO - 记忆系统: memo0
2026-01-05 21:59:26 - facade - INFO - 认知流程: 标准版
2026-01-05 22:01:00 - facade - INFO - 接收用户输入: 你好...
2026-01-05 22:01:12 - facade - INFO - 响应生成成功，长度: 21, 耗时: 12.211秒
2026-01-05 22:01:27 - facade - INFO - 接收用户输入: 你好...
2026-01-05 22:01:33 - facade - INFO - 响应生成成功，长度: 21, 耗时: 6.008秒
2026-01-05 22:01:39 - facade - INFO - 接收用户输入: 你还记得我是谁吗...
2026-01-05 22:02:08 - facade - INFO - 响应生成成功，长度: 18, 耗时: 29.606秒
2026-01-05 22:05:19 - facade - INFO - 系统已关闭
2026-01-05 22:07:08 - facade - INFO - 自衍体AI系统初始化中...
2026-01-05 22:07:11 - facade - INFO - 自衍体AI系统 v1.0.0 初始化完成
2026-01-05 22:07:11 - facade - INFO - 会话ID: default
2026-01-05 22:07:11 - facade - INFO - 系统模式: standard
2026-01-05 22:07:11 - facade - INFO - 记忆系统: memo0
2026-01-05 22:07:11 - facade - INFO - 认知流程: 标准版
2026-01-05 22:17:44 - facade - INFO - 自衍体AI系统初始化中...
2026-01-05 22:17:47 - facade - INFO - 自衍体AI系统 v1.0.0 初始化完成
2026-01-05 22:17:47 - facade - INFO - 会话ID: default
2026-01-05 22:17:47 - facade - INFO - 系统模式: standard
2026-01-05 22:17:47 - facade - INFO - 记忆系统: memo0
2026-01-05 22:17:47 - facade - INFO - 认知流程: 标准版
2026-01-05 22:17:56 - facade - INFO - 接收用户输入: 你好...
2026-01-05 22:18:10 - facade - INFO - 响应生成成功，长度: 18, 耗时: 14.472秒
2026-01-05 22:51:47 - facade - INFO - 自衍体AI系统初始化中...
2026-01-05 22:51:50 - facade - INFO - 自衍体AI系统 v1.0.0 初始化完成
2026-01-05 22:51:50 - facade - INFO - 会话ID: default
2026-01-05 22:51:50 - facade - INFO - 系统模式: standard
2026-01-05 22:51:50 - facade - INFO - 记忆系统: memo0
2026-01-05 22:51:50 - facade - INFO - 认知流程: 标准版
2026-01-05 22:51:56 - facade - INFO - 接收用户输入: 你好...
2026-01-05 22:52:07 - facade - INFO - 响应生成成功，长度: 20, 耗时: 11.491秒
2026-01-05 22:56:01 - facade - INFO - 自衍体AI系统初始化中...
2026-01-05 22:56:03 - facade - INFO - 自衍体AI系统 v1.0.0 初始化完成
2026-01-05 22:56:03 - facade - INFO - 会话ID: default
2026-01-05 22:56:03 - facade - INFO - 系统模式: standard
2026-01-05 22:56:03 - facade - INFO - 记忆系统: memo0
2026-01-05 22:56:03 - facade - INFO - 认知流程: 标准版
2026-01-05 22:56:07 - facade - INFO - 接收用户输入: 你好...
2026-01-05 22:56:30 - facade - INFO - 响应生成成功，长度: 20, 耗时: 23.425秒
2026-01-05 22:56:40 - facade - INFO - 自衍体AI系统初始化中...
2026-01-05 22:56:43 - facade - INFO - 自衍体AI系统 v1.0.0 初始化完成
2026-01-05 22:56:43 - facade - INFO - 会话ID: default
2026-01-05 22:56:43 - facade - INFO - 系统模式: standard
2026-01-05 22:56:43 - facade - INFO - 记忆系统: memo0
2026-01-05 22:56:43 - facade - INFO - 认知流程: 标准版
2026-01-05 22:56:51 - facade - INFO - 接收用户输入: 你好...
2026-01-05 22:57:02 - facade - INFO - 响应生成成功，长度: 21, 耗时: 11.345秒
2026-01-05 23:00:11 - facade - INFO - 自衍体AI系统初始化中...
2026-01-05 23:00:15 - facade - INFO - 自衍体AI系统 v1.0.0 初始化完成
2026-01-05 23:00:15 - facade - INFO - 会话ID: test_session
2026-01-05 23:00:15 - facade - INFO - 系统模式: standard
2026-01-05 23:00:15 - facade - INFO - 记忆系统: memo0
2026-01-05 23:00:15 - facade - INFO - 认知流程: 标准版
2026-01-05 23:11:34 - facade - INFO - 接收用户输入: 你好...
2026-01-05 23:12:00 - facade - INFO - 响应生成成功，长度: 18, 耗时: 25.749秒
2026-01-05 23:12:17 - facade - INFO - 系统已关闭
