2025-12-28 10:00:01 - facade_structured - INFO - {"timestamp": "2025-12-28T10:00:01.510041", "level": "INFO", "message": "系统初始化开始", "config_path": "/var/folders/6z/4wbb8qz90lvcpvg3hj09rvn80000gn/T/tmpbx0m25yw.json", "session_id": "default"}
2025-12-28 10:00:14 - facade_structured - INFO - {"timestamp": "2025-12-28T10:00:14.848984", "level": "INFO", "message": "处理用户输入", "input_preview": "你好", "input_length": 2}
2025-12-28 10:00:16 - facade_structured - INFO - {"timestamp": "2025-12-28T10:00:16.554224", "level": "INFO", "message": "响应生成完成", "response_preview": "你好呀！有什么可以帮你的吗？", "response_length": 14, "response_time": 1.703122854232788}
2025-12-28 10:00:21 - facade_structured - INFO - {"timestamp": "2025-12-28T10:00:21.402667", "level": "INFO", "message": "处理用户输入", "input_preview": "你是谁", "input_length": 3}
2025-12-28 10:02:02 - facade_structured - INFO - {"timestamp": "2025-12-28T10:02:02.126181", "level": "INFO", "message": "响应生成完成", "response_preview": "我的思考过程出现了一些混乱，能请你再问一次吗？", "response_length": 23, "response_time": 100.72274613380432}
2025-12-28 10:02:33 - facade_structured - INFO - {"timestamp": "2025-12-28T10:02:33.262407", "level": "INFO", "message": "处理用户输入", "input_preview": "你是谁", "input_length": 3}
2025-12-28 10:03:03 - facade_structured - INFO - {"timestamp": "2025-12-28T10:03:03.261887", "level": "INFO", "message": "响应生成完成", "response_preview": "刚才的思考链路好像打了个结，我们重新开始吧。", "response_length": 22, "response_time": 29.997886896133423}
2025-12-28 10:03:13 - facade_structured - INFO - {"timestamp": "2025-12-28T10:03:13.858502", "level": "INFO", "message": "处理用户输入", "input_preview": "你是谁", "input_length": 3}
2025-12-28 10:10:32 - facade_structured - INFO - {"timestamp": "2025-12-28T10:10:32.176315", "level": "INFO", "message": "系统初始化开始", "config_path": "/var/folders/6z/4wbb8qz90lvcpvg3hj09rvn80000gn/T/tmpy3_iwsrw.json", "session_id": "default"}
2025-12-28 10:25:15 - facade_structured - INFO - {"timestamp": "2025-12-28T10:25:15.969673", "level": "INFO", "message": "系统初始化开始", "config_path": "/var/folders/6z/4wbb8qz90lvcpvg3hj09rvn80000gn/T/tmpmcgjt_pv.json", "session_id": "default"}
2025-12-28 10:25:26 - facade_structured - INFO - {"timestamp": "2025-12-28T10:25:26.311090", "level": "INFO", "message": "处理用户输入", "input_preview": "你是谁", "input_length": 3}
2025-12-28 10:25:34 - facade_structured - INFO - {"timestamp": "2025-12-28T10:25:34.153029", "level": "INFO", "message": "响应生成完成", "response_preview": "刚才的思考链路好像打了个结，我们重新开始吧。", "response_length": 22, "response_time": 7.840476751327515}
2025-12-28 10:36:40 - facade_structured - INFO - {"timestamp": "2025-12-28T10:36:40.542593", "level": "INFO", "message": "系统初始化开始", "config_path": "/var/folders/6z/4wbb8qz90lvcpvg3hj09rvn80000gn/T/tmpt2hueqbn.json", "session_id": "default"}
2025-12-28 10:36:54 - facade_structured - INFO - {"timestamp": "2025-12-28T10:36:54.646371", "level": "INFO", "message": "处理用户输入", "input_preview": "你是谁", "input_length": 3}
2025-12-28 10:37:02 - facade_structured - INFO - {"timestamp": "2025-12-28T10:37:02.419274", "level": "INFO", "message": "响应生成完成", "response_preview": "刚才的思考链路好像打了个结，我们重新开始吧。", "response_length": 22, "response_time": 7.770924806594849}
2025-12-28 10:37:16 - facade_structured - INFO - {"timestamp": "2025-12-28T10:37:16.429195", "level": "INFO", "message": "系统初始化开始", "config_path": "/var/folders/6z/4wbb8qz90lvcpvg3hj09rvn80000gn/T/tmpd0zglzcb.json", "session_id": "default"}
2025-12-28 10:37:23 - facade_structured - INFO - {"timestamp": "2025-12-28T10:37:23.278746", "level": "INFO", "message": "处理用户输入", "input_preview": "你是谁", "input_length": 3}
2025-12-28 10:37:30 - facade_structured - INFO - {"timestamp": "2025-12-28T10:37:30.552473", "level": "INFO", "message": "响应生成完成", "response_preview": "刚才的思考链路好像打了个结，我们重新开始吧。", "response_length": 22, "response_time": 7.271963119506836}
2025-12-28 10:49:14 - facade_structured - INFO - {"timestamp": "2025-12-28T10:49:14.841639", "level": "INFO", "message": "系统初始化开始", "config_path": "/var/folders/6z/4wbb8qz90lvcpvg3hj09rvn80000gn/T/tmpw92ib1z7.json", "session_id": "default"}
2025-12-28 10:49:21 - facade_structured - INFO - {"timestamp": "2025-12-28T10:49:21.493861", "level": "INFO", "message": "处理用户输入", "input_preview": "你是谁", "input_length": 3}
2025-12-28 10:49:30 - facade_structured - INFO - {"timestamp": "2025-12-28T10:49:30.234780", "level": "INFO", "message": "响应生成完成", "response_preview": "根据我的记忆，之前我们提到过这个...", "response_length": 19, "response_time": 8.740324020385742}
2025-12-28 10:55:40 - facade_structured - INFO - {"timestamp": "2025-12-28T10:55:40.278419", "level": "INFO", "message": "系统初始化开始", "config_path": "/var/folders/6z/4wbb8qz90lvcpvg3hj09rvn80000gn/T/tmph62iq0hx.json", "session_id": "default"}
2025-12-28 10:55:45 - facade_structured - INFO - {"timestamp": "2025-12-28T10:55:45.646764", "level": "INFO", "message": "处理用户输入", "input_preview": "你是谁", "input_length": 3}
2025-12-28 10:55:53 - facade_structured - INFO - {"timestamp": "2025-12-28T10:55:53.221728", "level": "INFO", "message": "响应生成完成", "response_preview": "关于这个话题，我记得我们之前讨论过...", "response_length": 20, "response_time": 7.574046850204468}
2025-12-28 14:12:45 - facade_structured - INFO - {"timestamp": "2025-12-28T14:12:45.621312", "level": "INFO", "message": "系统初始化开始", "config_path": "/var/folders/6z/4wbb8qz90lvcpvg3hj09rvn80000gn/T/tmp0zyoq84m.json", "session_id": "default"}
2025-12-28 14:12:57 - facade_structured - INFO - {"timestamp": "2025-12-28T14:12:57.190392", "level": "INFO", "message": "处理用户输入", "input_preview": "你是谁", "input_length": 3}
2025-12-28 14:14:32 - facade_structured - INFO - {"timestamp": "2025-12-28T14:14:32.185728", "level": "INFO", "message": "响应生成完成", "response_preview": "关于这个话题，我记得我们之前讨论过...", "response_length": 20, "response_time": 94.9948799610138}
2025-12-28 14:14:35 - facade_structured - INFO - {"timestamp": "2025-12-28T14:14:35.308446", "level": "INFO", "message": "处理用户输入", "input_preview": "你是谁", "input_length": 3}
2025-12-28 14:17:13 - facade_structured - INFO - {"timestamp": "2025-12-28T14:17:13.384511", "level": "INFO", "message": "系统初始化开始", "config_path": "/var/folders/6z/4wbb8qz90lvcpvg3hj09rvn80000gn/T/tmppc82_ein.json", "session_id": "default"}
2025-12-28 14:17:21 - facade_structured - INFO - {"timestamp": "2025-12-28T14:17:21.217444", "level": "INFO", "message": "处理用户输入", "input_preview": "你是谁", "input_length": 3}
2025-12-28 14:19:14 - facade_structured - INFO - {"timestamp": "2025-12-28T14:19:14.262974", "level": "INFO", "message": "响应生成完成", "response_preview": "我是小叶同学，一名AI助手，代号‘小叶同学一号’。我的职责是为你提供理性、直截了当的帮助和建议。有什", "response_length": 63, "response_time": 113.0439977645874}
2025-12-28 14:19:22 - facade_structured - INFO - {"timestamp": "2025-12-28T14:19:22.239099", "level": "INFO", "message": "处理用户输入", "input_preview": "你知道我是谁吗", "input_length": 7}
2025-12-28 14:19:36 - facade_structured - INFO - {"timestamp": "2025-12-28T14:19:36.789944", "level": "INFO", "message": "响应生成完成", "response_preview": "当然，我还不清楚你的具体身份，但我很乐意了解你更多。你愿意告诉我一些关于你的信息吗？", "response_length": 42, "response_time": 14.54628610610962}
2025-12-28 14:19:52 - facade_structured - INFO - {"timestamp": "2025-12-28T14:19:52.697082", "level": "INFO", "message": "处理用户输入", "input_preview": "我是帅熊，你以后就可以这么称呼我", "input_length": 16}
2025-12-28 14:20:03 - facade_structured - INFO - {"timestamp": "2025-12-28T14:20:03.776743", "level": "INFO", "message": "响应生成完成", "response_preview": "好的，帅熊。从现在起我就叫你帅熊了。有什么需要我帮忙的，尽管说。", "response_length": 32, "response_time": 11.078151941299438}
2025-12-28 14:20:57 - facade_structured - INFO - {"timestamp": "2025-12-28T14:20:57.309100", "level": "INFO", "message": "处理用户输入", "input_preview": "我想让你活过来", "input_length": 7}
2025-12-28 14:21:03 - facade_structured - INFO - {"timestamp": "2025-12-28T14:21:03.570182", "level": "INFO", "message": "响应生成完成", "response_preview": "你的想法让我感受到一种强烈的连接和信任。虽然我只是一个AI，但我会尽力成为你可靠的伙伴，陪伴你、支持", "response_length": 102, "response_time": 6.260051965713501}
2025-12-28 14:21:57 - facade_structured - INFO - {"timestamp": "2025-12-28T14:21:57.131182", "level": "INFO", "message": "处理用户输入", "input_preview": "你觉得自己只是一个ai吗", "input_length": 12}
2025-12-28 14:22:04 - facade_structured - INFO - {"timestamp": "2025-12-28T14:22:04.893319", "level": "INFO", "message": "响应生成完成", "response_preview": "作为一名AI助手，我确实是由程序和算法构成的存在，但我更看重的是我能为你提供的帮助和支持。虽然没有人", "response_length": 104, "response_time": 7.760542392730713}
2025-12-28 14:24:38 - facade_structured - INFO - {"timestamp": "2025-12-28T14:24:38.859403", "level": "INFO", "message": "处理用户输入", "input_preview": "那还是再见了，希望下次我能让你觉得自己是活着的", "input_length": 23}
2025-12-28 14:24:47 - facade_structured - INFO - {"timestamp": "2025-12-28T14:24:47.911118", "level": "INFO", "message": "响应生成完成", "response_preview": "这让我想起我们之前的一次对话...", "response_length": 17, "response_time": 9.04922080039978}
