2026-01-05 09:32:27 - main - INFO - 启动自衍体AI系统，日志级别: INFO
2026-01-05 09:32:27 - main - INFO - 使用API密钥创建系统实例
2026-01-05 10:06:26 - main - INFO - 启动自衍体AI系统，日志级别: INFO
2026-01-05 10:06:26 - main - INFO - 使用API密钥创建系统实例
2026-01-05 16:01:48 - main - INFO - 启动自衍体AI系统，日志级别: INFO
2026-01-05 16:01:48 - main - INFO - 使用API密钥创建系统实例
2026-01-05 16:09:21 - main - INFO - 启动自衍体AI系统，日志级别: INFO
2026-01-05 16:09:21 - main - INFO - 使用API密钥创建系统实例
2026-01-05 16:11:33 - main - INFO - 启动自衍体AI系统，日志级别: INFO
2026-01-05 16:11:33 - main - INFO - 使用API密钥创建系统实例
2026-01-05 16:21:10 - main - INFO - 启动自衍体AI系统，日志级别: INFO
2026-01-05 16:21:10 - main - INFO - 使用API密钥创建系统实例
2026-01-05 16:23:42 - main - INFO - 启动自衍体AI系统，日志级别: INFO
2026-01-05 16:23:42 - main - INFO - 使用API密钥创建系统实例
2026-01-05 17:22:17 - main - INFO - 启动自衍体AI系统，日志级别: INFO
2026-01-05 17:22:17 - main - INFO - 使用API密钥创建系统实例
2026-01-05 17:39:22 - main - INFO - 启动自衍体AI系统，日志级别: INFO
2026-01-05 17:39:22 - main - INFO - 使用API密钥创建系统实例
2026-01-05 17:40:57 - main - INFO - 启动自衍体AI系统，日志级别: INFO
2026-01-05 17:40:57 - main - INFO - 使用API密钥创建系统实例
2026-01-05 17:46:42 - main - INFO - 启动自衍体AI系统，日志级别: INFO
2026-01-05 17:46:42 - main - INFO - 使用API密钥创建系统实例
2026-01-05 17:55:34 - main - INFO - 系统已安全关闭
2026-01-05 20:41:43 - main - INFO - 启动自衍体AI系统，日志级别: INFO
2026-01-05 20:41:43 - main - INFO - 使用API密钥创建系统实例
2026-01-05 20:42:58 - main - INFO - 启动自衍体AI系统，日志级别: INFO
2026-01-05 20:42:58 - main - INFO - 使用API密钥创建系统实例
2026-01-05 20:51:10 - main - INFO - 启动自衍体AI系统，日志级别: INFO
2026-01-05 20:51:10 - main - INFO - 使用API密钥创建系统实例
2026-01-05 20:53:08 - main - INFO - 系统已安全关闭
2026-01-05 21:35:04 - main - INFO - 启动自衍体AI系统，日志级别: INFO
2026-01-05 21:35:04 - main - INFO - 使用API密钥创建系统实例
2026-01-05 21:56:08 - main - INFO - 启动自衍体AI系统，日志级别: INFO
2026-01-05 21:56:08 - main - INFO - 使用API密钥创建系统实例
2026-01-05 21:56:11 - main - ERROR - 程序运行错误: 'APIServiceProvider' object has no attribute 'prompt_engine'
2026-01-05 21:56:11 - main - ERROR - 错误详情: Traceback (most recent call last):
  File "/Users/gyc/Desktop/GYC_coding/zyantine/zyantine_memo/zyantine_genisis/main.py", line 163, in main
    facade = create_zyantine(
             ^^^^^^^^^^^^^^^^
  File "/Users/gyc/Desktop/GYC_coding/zyantine/zyantine_memo/zyantine_genisis/zyantine_facade.py", line 398, in create_zyantine
    facade = ZyantineFacade(
             ^^^^^^^^^^^^^^^
  File "/Users/gyc/Desktop/GYC_coding/zyantine/zyantine_memo/zyantine_genisis/zyantine_facade.py", line 59, in __init__
    self.core = ZyantineCore(
                ^^^^^^^^^^^^^
  File "/Users/gyc/Desktop/GYC_coding/zyantine/zyantine_memo/zyantine_genisis/core/system_core.py", line 48, in __init__
    self._load_core_components()
  File "/Users/gyc/Desktop/GYC_coding/zyantine/zyantine_memo/zyantine_genisis/core/system_core.py", line 71, in _load_core_components
    self.components = self.component_manager.initialize_components()
                      ^^^^^^^^^^^^^^^^^^^^^^^^^^^^^^^^^^^^^^^^^^^^^^
  File "/Users/gyc/Desktop/GYC_coding/zyantine/zyantine_memo/zyantine_genisis/core/component_manager.py", line 32, in initialize_components
    self.components['api_service_provider'] = APIServiceProvider(self.config,core_identity=self.components['core_identity'])
                                              ^^^^^^^^^^^^^^^^^^^^^^^^^^^^^^^^^^^^^^^^^^^^^^^^^^^^^^^^^^^^^^^^^^^^^^^^^^^^^^
  File "/Users/gyc/Desktop/GYC_coding/zyantine/zyantine_memo/zyantine_genisis/api/service_provider.py", line 96, in __init__
    self._initialize_services()
  File "/Users/gyc/Desktop/GYC_coding/zyantine/zyantine_memo/zyantine_genisis/api/service_provider.py", line 152, in _initialize_services
    self._setup_fallback_strategy()
  File "/Users/gyc/Desktop/GYC_coding/zyantine/zyantine_memo/zyantine_genisis/api/service_provider.py", line 189, in _setup_fallback_strategy
    prompt_engine=self.prompt_engine,
                  ^^^^^^^^^^^^^^^^^^
AttributeError: 'APIServiceProvider' object has no attribute 'prompt_engine'

2026-01-05 21:57:41 - main - INFO - 启动自衍体AI系统，日志级别: INFO
2026-01-05 21:57:41 - main - INFO - 使用API密钥创建系统实例
2026-01-05 21:57:44 - main - ERROR - 程序运行错误: 'APIServiceProvider' object has no attribute 'prompt_engine'
2026-01-05 21:57:44 - main - ERROR - 错误详情: Traceback (most recent call last):
  File "/Users/gyc/Desktop/GYC_coding/zyantine/zyantine_memo/zyantine_genisis/main.py", line 163, in main
    facade = create_zyantine(
             ^^^^^^^^^^^^^^^^
  File "/Users/gyc/Desktop/GYC_coding/zyantine/zyantine_memo/zyantine_genisis/zyantine_facade.py", line 398, in create_zyantine
    facade = ZyantineFacade(
             ^^^^^^^^^^^^^^^
  File "/Users/gyc/Desktop/GYC_coding/zyantine/zyantine_memo/zyantine_genisis/zyantine_facade.py", line 59, in __init__
    self.core = ZyantineCore(
                ^^^^^^^^^^^^^
  File "/Users/gyc/Desktop/GYC_coding/zyantine/zyantine_memo/zyantine_genisis/core/system_core.py", line 48, in __init__
    self._load_core_components()
  File "/Users/gyc/Desktop/GYC_coding/zyantine/zyantine_memo/zyantine_genisis/core/system_core.py", line 71, in _load_core_components
    self.components = self.component_manager.initialize_components()
                      ^^^^^^^^^^^^^^^^^^^^^^^^^^^^^^^^^^^^^^^^^^^^^^
  File "/Users/gyc/Desktop/GYC_coding/zyantine/zyantine_memo/zyantine_genisis/core/component_manager.py", line 32, in initialize_components
    self.components['api_service_provider'] = APIServiceProvider(self.config,core_identity=self.components['core_identity'])
                                              ^^^^^^^^^^^^^^^^^^^^^^^^^^^^^^^^^^^^^^^^^^^^^^^^^^^^^^^^^^^^^^^^^^^^^^^^^^^^^^
  File "/Users/gyc/Desktop/GYC_coding/zyantine/zyantine_memo/zyantine_genisis/api/service_provider.py", line 96, in __init__
    self._initialize_services()
  File "/Users/gyc/Desktop/GYC_coding/zyantine/zyantine_memo/zyantine_genisis/api/service_provider.py", line 152, in _initialize_services
    self._setup_fallback_strategy()
  File "/Users/gyc/Desktop/GYC_coding/zyantine/zyantine_memo/zyantine_genisis/api/service_provider.py", line 189, in _setup_fallback_strategy
    prompt_engine=self.prompt_engine,
                  ^^^^^^^^^^^^^^^^^^
AttributeError: 'APIServiceProvider' object has no attribute 'prompt_engine'

2026-01-05 21:59:23 - main - INFO - 启动自衍体AI系统，日志级别: INFO
2026-01-05 21:59:23 - main - INFO - 使用API密钥创建系统实例
2026-01-05 22:05:19 - main - INFO - 系统已安全关闭
2026-01-05 22:07:08 - main - INFO - 启动自衍体AI系统，日志级别: INFO
2026-01-05 22:07:08 - main - INFO - 使用API密钥创建系统实例
2026-01-05 22:17:44 - main - INFO - 启动自衍体AI系统，日志级别: INFO
2026-01-05 22:17:44 - main - INFO - 使用API密钥创建系统实例
2026-01-05 22:51:47 - main - INFO - 启动自衍体AI系统，日志级别: INFO
2026-01-05 22:51:47 - main - INFO - 使用默认配置创建系统实例
2026-01-05 22:56:01 - main - INFO - 启动自衍体AI系统，日志级别: INFO
2026-01-05 22:56:01 - main - INFO - 使用默认配置创建系统实例
2026-01-05 22:56:40 - main - INFO - 启动自衍体AI系统，日志级别: INFO
2026-01-05 22:56:40 - main - INFO - 使用默认配置创建系统实例
2026-01-05 23:00:11 - main - INFO - 启动自衍体AI系统，日志级别: INFO
2026-01-05 23:00:11 - main - INFO - 使用默认配置创建系统实例
2026-01-05 23:12:17 - main - INFO - 系统已安全关闭
