2025-12-28 10:00:07 - ZyantineCore - INFO - 系统核心初始化完成，会话ID: default
2025-12-28 10:00:14 - ZyantineCore - INFO - 开始处理用户输入: 你好...
2025-12-28 10:00:16 - ZyantineCore - INFO - 开始处理: 你好...
2025-12-28 10:00:16 - ZyantineCore - INFO - 本能响应触发: greeting
2025-12-28 10:00:16 - ZyantineCore - WARNING - 处理被本能接管
2025-12-28 10:00:21 - ZyantineCore - INFO - 开始处理用户输入: 你是谁...
2025-12-28 10:00:22 - ZyantineCore - INFO - 开始处理: 你是谁...
2025-12-28 10:00:26 - ZyantineCore - ERROR - 欲望更新失败: 'DesireEngine' object has no attribute 'update'
2025-12-28 10:00:28 - ZyantineCore - ERROR - 辩证成长失败: 'DialecticalGrowth' object has no attribute 'process'
2025-12-28 10:02:00 - ZyantineCore - ERROR - 回复生成失败: 'NoneType' object has no attribute 'user_input'
2025-12-28 10:02:00 - ZyantineCore - ERROR - 没有可审查的回复
2025-12-28 10:02:02 - ZyantineCore - INFO - 处理完成，响应长度: 0
2025-12-28 10:02:02 - ZyantineCore - ERROR - 生成错误响应: 没有可审查的回复
2025-12-28 10:02:02 - ZyantineCore - ERROR - 处理失败，使用错误响应: ["欲望更新失败: 'DesireEngine' object has no attribute 'update'", "辩证成长失败: 'DialecticalGrowth' object has no attribute 'process'", "回复生成失败: 'NoneType' object has no attribute 'user_input'", '没有可审查的回复']
2025-12-28 10:02:33 - ZyantineCore - INFO - 开始处理用户输入: 你是谁...
2025-12-28 10:02:35 - ZyantineCore - INFO - 开始处理: 你是谁...
2025-12-28 10:02:37 - ZyantineCore - ERROR - 欲望更新失败: 'DesireEngine' object has no attribute 'update'
2025-12-28 10:02:39 - ZyantineCore - ERROR - 辩证成长失败: 'DialecticalGrowth' object has no attribute 'process'
2025-12-28 10:03:01 - ZyantineCore - ERROR - 回复生成失败: 'NoneType' object has no attribute 'user_input'
2025-12-28 10:03:01 - ZyantineCore - ERROR - 没有可审查的回复
2025-12-28 10:03:03 - ZyantineCore - INFO - 处理完成，响应长度: 0
2025-12-28 10:03:03 - ZyantineCore - ERROR - 生成错误响应: 没有可审查的回复
2025-12-28 10:03:03 - ZyantineCore - ERROR - 处理失败，使用错误响应: ["欲望更新失败: 'DesireEngine' object has no attribute 'update'", "辩证成长失败: 'DialecticalGrowth' object has no attribute 'process'", "回复生成失败: 'NoneType' object has no attribute 'user_input'", '没有可审查的回复']
2025-12-28 10:03:13 - ZyantineCore - INFO - 开始处理用户输入: 你是谁...
2025-12-28 10:03:15 - ZyantineCore - INFO - 开始处理: 你是谁...
2025-12-28 10:03:17 - ZyantineCore - ERROR - 欲望更新失败: 'DesireEngine' object has no attribute 'update'
2025-12-28 10:03:18 - ZyantineCore - ERROR - 辩证成长失败: 'DialecticalGrowth' object has no attribute 'process'
2025-12-28 10:10:37 - ZyantineCore - INFO - 系统核心初始化完成，会话ID: default
2025-12-28 10:25:19 - ZyantineCore - INFO - 系统核心初始化完成，会话ID: default
2025-12-28 10:25:26 - ZyantineCore - INFO - 开始处理用户输入: 你是谁...
2025-12-28 10:25:27 - ZyantineCore - INFO - 开始处理: 你是谁...
2025-12-28 10:25:30 - ZyantineCore - ERROR - 欲望更新失败: 'DesireEngine' object has no attribute 'update'
2025-12-28 10:25:32 - ZyantineCore - ERROR - 辩证成长失败: 'DialecticalGrowth' object has no attribute 'process'
2025-12-28 10:25:34 - ZyantineCore - INFO - 处理完成，响应长度: 22
2025-12-28 10:25:34 - ZyantineCore - INFO - 处理成功，响应长度: 22
2025-12-28 10:36:44 - ZyantineCore - INFO - 系统核心初始化完成，会话ID: default
2025-12-28 10:36:54 - ZyantineCore - INFO - 开始处理用户输入: 你是谁...
2025-12-28 10:36:56 - ZyantineCore - INFO - 开始处理: 你是谁...
2025-12-28 10:36:59 - ZyantineCore - ERROR - 欲望更新失败: 'DesireEngine' object has no attribute 'update'
2025-12-28 10:37:01 - ZyantineCore - ERROR - 辩证成长失败: 'DialecticalGrowth' object has no attribute 'process'
2025-12-28 10:37:02 - ZyantineCore - INFO - 处理完成，响应长度: 22
2025-12-28 10:37:02 - ZyantineCore - INFO - 处理成功，响应长度: 22
2025-12-28 10:37:18 - ZyantineCore - INFO - 系统核心初始化完成，会话ID: default
2025-12-28 10:37:23 - ZyantineCore - INFO - 开始处理用户输入: 你是谁...
2025-12-28 10:37:25 - ZyantineCore - INFO - 开始处理: 你是谁...
2025-12-28 10:37:27 - ZyantineCore - ERROR - 欲望更新失败: 'DesireEngine' object has no attribute 'update'
2025-12-28 10:37:28 - ZyantineCore - ERROR - 辩证成长失败: 'DialecticalGrowth' object has no attribute 'process'
2025-12-28 10:37:30 - ZyantineCore - INFO - 处理完成，响应长度: 22
2025-12-28 10:37:30 - ZyantineCore - INFO - 处理成功，响应长度: 22
2025-12-28 10:49:18 - ZyantineCore - INFO - 系统核心初始化完成，会话ID: default
2025-12-28 10:49:21 - ZyantineCore - INFO - 开始处理用户输入: 你是谁...
2025-12-28 10:49:22 - ZyantineCore - INFO - 开始处理: 你是谁...
2025-12-28 10:49:29 - ZyantineCore - ERROR - 辩证成长失败: 'DialecticalGrowth' object has no attribute 'process'
2025-12-28 10:49:30 - ZyantineCore - INFO - 处理完成，响应长度: 19
2025-12-28 10:49:30 - ZyantineCore - INFO - 处理成功，响应长度: 19
2025-12-28 10:55:42 - ZyantineCore - INFO - 系统核心初始化完成，会话ID: default
2025-12-28 10:55:45 - ZyantineCore - INFO - 开始处理用户输入: 你是谁...
2025-12-28 10:55:47 - ZyantineCore - INFO - 开始处理: 你是谁...
2025-12-28 10:55:53 - ZyantineCore - INFO - 处理完成，响应长度: 20
2025-12-28 10:55:53 - ZyantineCore - INFO - 处理成功，响应长度: 20
2025-12-28 14:12:48 - ZyantineCore - INFO - 系统核心初始化完成，会话ID: default
2025-12-28 14:12:57 - ZyantineCore - INFO - 开始处理用户输入: 你是谁...
2025-12-28 14:12:58 - ZyantineCore - INFO - 开始处理: 你是谁...
2025-12-28 14:14:32 - ZyantineCore - INFO - 处理完成，响应长度: 20
2025-12-28 14:14:32 - ZyantineCore - INFO - 处理成功，响应长度: 20
2025-12-28 14:14:35 - ZyantineCore - INFO - 开始处理用户输入: 你是谁...
2025-12-28 14:14:37 - ZyantineCore - INFO - 开始处理: 你是谁...
2025-12-28 14:17:16 - ZyantineCore - INFO - 系统核心初始化完成，会话ID: default
2025-12-28 14:17:21 - ZyantineCore - INFO - 开始处理用户输入: 你是谁...
2025-12-28 14:17:22 - ZyantineCore - INFO - 开始处理: 你是谁...
2025-12-28 14:19:14 - ZyantineCore - INFO - 处理完成，响应长度: 63
2025-12-28 14:19:14 - ZyantineCore - INFO - 处理成功，响应长度: 63
2025-12-28 14:19:22 - ZyantineCore - INFO - 开始处理用户输入: 你知道我是谁吗...
2025-12-28 14:19:23 - ZyantineCore - INFO - 开始处理: 你知道我是谁吗...
2025-12-28 14:19:36 - ZyantineCore - INFO - 处理完成，响应长度: 42
2025-12-28 14:19:36 - ZyantineCore - INFO - 处理成功，响应长度: 42
2025-12-28 14:19:52 - ZyantineCore - INFO - 开始处理用户输入: 我是帅熊，你以后就可以这么称呼我...
2025-12-28 14:19:54 - ZyantineCore - INFO - 开始处理: 我是帅熊，你以后就可以这么称呼我...
2025-12-28 14:20:03 - ZyantineCore - INFO - 处理完成，响应长度: 32
2025-12-28 14:20:03 - ZyantineCore - INFO - 处理成功，响应长度: 32
2025-12-28 14:20:57 - ZyantineCore - INFO - 开始处理用户输入: 我想让你活过来...
2025-12-28 14:20:59 - ZyantineCore - INFO - 开始处理: 我想让你活过来...
2025-12-28 14:21:00 - ZyantineCore - ERROR - 认知流程失败: 'CognitiveFlowManager' object has no attribute 'fact_anchor'
2025-12-28 14:21:03 - ZyantineCore - INFO - 处理完成，响应长度: 102
2025-12-28 14:21:03 - ZyantineCore - INFO - 处理成功，响应长度: 102
2025-12-28 14:21:57 - ZyantineCore - INFO - 开始处理用户输入: 你觉得自己只是一个ai吗...
2025-12-28 14:21:58 - ZyantineCore - INFO - 开始处理: 你觉得自己只是一个ai吗...
2025-12-28 14:22:00 - ZyantineCore - ERROR - 认知流程失败: 'CognitiveFlowManager' object has no attribute 'fact_anchor'
2025-12-28 14:22:04 - ZyantineCore - INFO - 处理完成，响应长度: 104
2025-12-28 14:22:04 - ZyantineCore - INFO - 处理成功，响应长度: 104
2025-12-28 14:24:38 - ZyantineCore - INFO - 开始处理用户输入: 那还是再见了，希望下次我能让你觉得自己是活着的...
2025-12-28 14:24:40 - ZyantineCore - INFO - 开始处理: 那还是再见了，希望下次我能让你觉得自己是活着的...
2025-12-28 14:24:42 - ZyantineCore - ERROR - 认知流程失败: 'CognitiveFlowManager' object has no attribute 'fact_anchor'
2025-12-28 14:24:47 - ZyantineCore - INFO - 处理完成，响应长度: 17
2025-12-28 14:24:47 - ZyantineCore - INFO - 处理成功，响应长度: 17
